SF:lib\core\errors\failure.dart
DA:5,5
DA:7,0
DA:8,0
DA:12,5
DA:16,0
DA:20,2
LF:6
LH:3
end_of_record
SF:lib\features\admin_map\domain\entities\map_entities.dart
DA:13,7
DA:21,1
DA:22,1
DA:23,1
DA:24,1
DA:25,1
DA:26,1
DA:27,1
DA:37,7
DA:44,1
DA:45,5
DA:73,9
DA:84,1
DA:85,1
DA:86,1
DA:87,1
DA:88,1
DA:89,1
DA:90,1
DA:91,1
DA:92,1
DA:93,1
DA:104,7
DA:112,1
DA:113,6
LF:25
LH:25
end_of_record
SF:lib\features\admin_map\domain\entities\campus_entities.dart
DA:10,4
DA:18,1
DA:19,1
DA:20,1
DA:21,1
DA:22,1
DA:23,1
DA:24,1
LF:8
LH:8
end_of_record
SF:lib\features\admin_map\domain\entities\organization.dart
DA:8,5
DA:14,1
DA:15,4
LF:3
LH:3
end_of_record
SF:lib\features\admin_map\domain\usecases\admin_map_usecases.dart
DA:12,3
DA:17,4
DA:19,3
DA:21,6
DA:22,3
DA:23,3
DA:24,3
DA:31,3
DA:37,3
DA:39,3
DA:41,9
DA:50,3
DA:55,4
DA:57,3
DA:59,6
DA:60,3
DA:61,3
DA:62,3
DA:70,2
DA:72,2
DA:74,4
DA:89,3
DA:103,4
DA:105,3
DA:107,6
DA:108,3
DA:109,3
DA:110,3
DA:111,3
DA:112,3
DA:113,3
DA:114,3
DA:115,3
DA:123,2
DA:128,2
DA:130,2
DA:132,8
LF:37
LH:37
end_of_record
SF:lib\features\admin_map\domain\usecases\manage_buildings_usecase.dart
DA:8,3
DA:10,1
DA:12,2
DA:20,2
DA:25,3
DA:27,2
DA:29,4
DA:30,2
DA:31,2
DA:32,2
LF:10
LH:10
end_of_record
SF:lib\features\admin_map\domain\usecases\manage_floors_usecase.dart
DA:9,2
DA:14,3
DA:16,2
DA:18,8
DA:27,2
DA:32,3
DA:34,2
DA:36,4
DA:37,2
DA:38,2
DA:39,2
DA:40,2
LF:12
LH:12
end_of_record
SF:lib\features\admin_map\domain\usecases\add_corridor_usecase.dart
DA:13,3
DA:24,4
DA:26,3
DA:28,6
DA:29,3
DA:30,3
DA:31,3
DA:32,3
DA:33,3
LF:9
LH:9
end_of_record
SF:lib\features\admin_map\domain\usecases\get_corridors_usecase.dart
DA:10,3
DA:16,3
DA:18,3
DA:20,12
LF:4
LH:4
end_of_record
SF:lib\features\admin_map\domain\usecases\delete_room_usecase.dart
DA:10,3
DA:15,4
DA:17,3
DA:19,6
DA:20,3
DA:21,3
DA:22,3
LF:7
LH:7
end_of_record
SF:lib\features\admin_map\domain\usecases\update_room_usecase.dart
DA:18,3
DA:34,4
DA:36,3
DA:38,6
DA:39,3
DA:40,3
DA:41,3
DA:42,3
DA:43,3
DA:44,3
DA:45,3
DA:46,3
DA:47,3
LF:13
LH:13
end_of_record
SF:lib\features\admin_map\domain\usecases\add_organization_usecase.dart
DA:10,3
DA:16,3
DA:18,3
DA:20,12
LF:4
LH:4
end_of_record
SF:lib\features\admin_map\domain\usecases\get_organizations_usecase.dart
DA:10,7
DA:12,4
DA:14,8
LF:3
LH:3
end_of_record
SF:lib\features\admin_map\domain\usecases\delete_organization_usecase.dart
DA:8,3
DA:10,3
DA:12,6
LF:3
LH:3
end_of_record
SF:lib\features\admin_map\domain\usecases\update_organization_usecase.dart
DA:10,3
DA:16,3
DA:18,3
DA:20,6
DA:21,3
DA:22,3
DA:23,3
LF:7
LH:7
end_of_record
SF:lib\features\auth\domain\entities\user_entity.dart
DA:11,8
DA:18,2
DA:19,10
LF:3
LH:3
end_of_record
SF:lib\features\auth\domain\usecases\login_usecase.dart
DA:11,3
DA:17,5
DA:19,3
DA:21,6
DA:22,3
DA:23,3
LF:6
LH:6
end_of_record
SF:lib\features\auth\domain\usecases\signup_usecase.dart
DA:12,3
DA:22,4
DA:24,3
DA:26,6
DA:27,3
DA:28,3
DA:29,3
LF:7
LH:7
end_of_record
SF:lib\core\services\pathfinding_service.dart
DA:13,6
DA:22,6
DA:23,24
DA:26,12
DA:27,18
DA:30,12
DA:31,12
DA:32,12
DA:33,18
DA:34,18
DA:41,6
DA:43,6
DA:46,6
DA:49,6
DA:50,12
DA:51,24
DA:53,1
DA:54,1
DA:56,2
DA:57,2
DA:58,1
DA:61,6
DA:63,6
DA:64,15
DA:65,5
DA:68,6
DA:70,6
DA:71,6
DA:72,30
DA:73,6
DA:74,6
DA:75,36
DA:81,6
DA:83,6
DA:85,12
DA:86,12
DA:87,6
DA:88,6
DA:90,6
DA:91,6
DA:96,6
DA:101,9
DA:103,6
DA:104,6
DA:110,6
DA:113,12
DA:114,2
DA:117,12
DA:122,6
DA:123,12
DA:127,12
DA:129,6
DA:131,6
DA:132,6
DA:133,6
DA:134,6
DA:135,18
DA:137,6
DA:138,6
DA:144,4
DA:150,6
DA:154,18
DA:162,66
DA:168,6
DA:172,6
DA:173,6
DA:174,6
DA:175,6
LF:68
LH:68
end_of_record
SF:lib\features\admin_map\domain\usecases\manage_campus_usecase.dart
DA:12,2
DA:22,3
DA:24,2
DA:26,4
DA:27,2
DA:28,2
DA:29,2
DA:37,2
DA:39,2
DA:41,4
DA:47,3
DA:49,2
DA:51,4
LF:13
LH:13
end_of_record
SF:lib\core\services\navigation_instruction_service.dart
DA:20,4
DA:45,4
DA:52,6
DA:53,8
DA:54,2
DA:55,2
DA:62,4
DA:69,4
DA:70,4
DA:71,12
DA:78,16
DA:79,4
DA:80,8
DA:83,4
DA:84,2
DA:85,4
DA:87,2
DA:88,2
DA:90,2
DA:103,4
DA:104,1
DA:105,1
DA:109,1
DA:110,1
DA:120,1
DA:121,1
DA:128,0
DA:129,0
DA:131,0
DA:132,0
DA:149,4
DA:151,4
DA:153,4
DA:163,8
DA:167,4
DA:168,2
DA:174,2
DA:175,2
DA:177,2
DA:185,1
DA:186,1
DA:187,1
DA:199,4
DA:201,4
DA:203,6
DA:204,3
DA:205,3
DA:206,3
DA:216,4
DA:218,4
DA:219,4
DA:232,4
DA:233,4
DA:234,12
DA:237,8
DA:241,4
DA:242,4
DA:246,4
DA:254,4
DA:255,8
DA:256,8
DA:257,5
DA:261,6
DA:262,6
DA:263,6
DA:266,6
DA:269,4
DA:271,2
DA:273,2
DA:274,0
DA:276,4
DA:277,0
DA:280,4
DA:281,4
DA:283,0
DA:284,0
DA:285,0
DA:291,2
DA:292,2
DA:293,2
DA:294,2
DA:301,0
DA:302,0
DA:303,0
DA:312,0
DA:313,0
DA:314,0
DA:323,4
DA:324,4
DA:325,4
DA:326,4
DA:336,4
DA:337,4
DA:338,4
DA:352,4
DA:355,4
DA:357,4
DA:358,4
DA:360,12
DA:361,4
DA:367,8
DA:368,8
DA:369,8
DA:370,6
DA:373,3
DA:374,3
DA:375,9
DA:376,3
DA:377,3
DA:382,4
DA:385,4
DA:392,4
DA:395,16
DA:396,8
DA:397,4
DA:398,4
DA:399,8
DA:400,4
DA:401,4
DA:402,4
DA:404,4
DA:410,4
DA:411,12
DA:412,12
DA:413,12
DA:414,12
DA:416,4
DA:417,4
DA:418,4
DA:420,4
DA:421,0
DA:423,8
DA:424,0
DA:426,8
DA:429,11
DA:433,5
DA:434,8
DA:437,2
DA:438,2
DA:441,1
DA:442,0
DA:448,4
DA:449,11
DA:450,4
DA:451,8
DA:452,4
DA:459,4
DA:460,4
DA:461,6
DA:462,6
DA:464,8
DA:465,10
DA:468,0
DA:474,2
DA:475,4
DA:476,4
DA:477,2
DA:481,1
DA:482,2
DA:483,2
DA:484,3
DA:485,3
DA:490,4
DA:491,12
DA:492,4
DA:496,4
DA:499,4
DA:500,4
DA:501,24
DA:502,15
DA:504,4
DA:507,10
DA:511,3
DA:512,6
DA:514,3
DA:515,2
DA:516,2
DA:517,2
DA:518,1
DA:519,0
DA:520,1
DA:521,0
DA:522,1
DA:523,1
DA:525,0
LF:185
LH:163
end_of_record
SF:lib\features\auth\domain\usecases\manage_users_usecase.dart
DA:9,3
DA:11,3
DA:12,6
DA:15,3
DA:19,6
LF:5
LH:5
end_of_record
SF:lib\features\auth\domain\usecases\update_user_org_usecase.dart
DA:9,2
DA:11,2
DA:13,4
DA:14,2
DA:15,2
DA:24,1
LF:6
LH:6
end_of_record
SF:lib\core\providers\settings_provider.dart
DA:8,3
DA:14,1
DA:19,1
DA:20,1
DA:21,1
DA:22,1
DA:28,3
DA:30,3
DA:33,1
DA:34,3
DA:37,1
DA:38,3
DA:41,1
DA:42,3
DA:46,9
LF:15
LH:15
end_of_record
SF:lib\core\router\router.dart
DA:18,7
DA:19,2
DA:20,2
DA:21,2
DA:23,1
DA:25,1
DA:26,1
DA:27,1
DA:29,0
DA:31,1
DA:33,0
DA:35,1
DA:36,1
DA:38,0
DA:40,1
DA:41,1
DA:43,0
DA:44,0
DA:45,0
DA:47,1
DA:48,1
DA:50,0
DA:51,0
DA:52,0
DA:53,0
DA:55,0
DA:58,1
DA:59,1
DA:62,0
DA:63,0
DA:64,0
DA:66,0
DA:68,0
DA:70,0
DA:71,0
DA:73,0
DA:82,1
DA:84,0
DA:86,1
DA:88,0
DA:92,1
DA:94,0
DA:98,1
DA:100,0
DA:102,1
DA:104,0
DA:107,0
DA:108,0
DA:109,0
DA:110,0
DA:111,0
DA:112,0
DA:115,0
DA:125,0
DA:129,0
DA:130,0
DA:137,0
DA:143,0
DA:150,0
DA:151,0
LF:60
LH:22
end_of_record
SF:lib\features\auth\presentation\providers\auth_providers.dart
DA:11,0
DA:12,0
DA:14,0
DA:15,0
DA:16,0
DA:17,0
DA:21,9
DA:22,0
DA:25,6
DA:26,0
DA:29,3
DA:30,0
DA:33,3
DA:34,0
DA:39,3
DA:42,2
DA:43,2
DA:47,12
DA:51,3
DA:52,0
DA:53,0
DA:55,0
DA:56,0
DA:57,0
DA:60,0
LF:25
LH:9
end_of_record
SF:lib\features\auth\presentation\pages\admin_login_screen.dart
DA:6,2
DA:8,1
DA:9,1
DA:17,1
DA:19,2
DA:20,2
DA:21,1
DA:24,0
DA:25,0
DA:26,0
DA:27,0
DA:28,0
DA:29,0
DA:30,0
DA:31,0
DA:36,1
DA:38,3
DA:40,1
DA:41,1
DA:42,1
DA:43,1
DA:45,1
DA:47,1
DA:48,1
DA:49,1
DA:52,1
DA:59,1
DA:61,4
DA:67,1
DA:68,1
DA:74,0
DA:75,0
DA:82,1
DA:83,1
DA:89,0
DA:90,0
DA:97,1
DA:98,1
DA:99,1
LF:39
LH:27
end_of_record
SF:lib\features\auth\presentation\pages\login_screen.dart
DA:8,2
DA:10,1
DA:11,1
DA:31,1
DA:33,1
DA:36,2
DA:39,1
DA:42,2
DA:45,1
DA:48,2
DA:54,2
DA:55,1
DA:60,2
DA:61,1
DA:66,1
DA:67,2
DA:68,1
DA:69,1
DA:74,2
DA:77,1
DA:79,2
DA:80,2
DA:81,2
DA:82,2
DA:83,2
DA:84,1
DA:87,0
DA:88,0
DA:89,0
DA:90,0
DA:91,0
DA:92,0
DA:93,0
DA:94,0
DA:95,0
DA:100,1
DA:115,1
DA:117,1
DA:118,1
DA:120,1
DA:132,1
DA:133,1
DA:134,1
DA:135,1
DA:136,1
DA:137,1
DA:138,2
DA:139,1
DA:147,1
DA:148,1
DA:150,1
DA:152,1
DA:154,1
DA:155,1
DA:156,1
DA:157,1
DA:158,1
DA:159,1
DA:160,1
DA:161,2
DA:164,1
DA:167,1
DA:169,1
DA:171,1
DA:172,1
DA:173,1
DA:192,1
DA:193,1
DA:194,1
DA:195,1
DA:196,1
DA:199,1
DA:201,1
DA:202,1
DA:203,1
DA:206,1
DA:207,1
DA:208,1
DA:209,1
DA:213,1
DA:214,1
DA:220,1
DA:221,1
DA:222,1
DA:223,1
DA:224,1
DA:226,1
DA:228,1
DA:231,1
DA:263,1
DA:264,1
DA:270,1
DA:271,1
DA:275,1
DA:276,0
DA:277,0
DA:285,1
DA:286,1
DA:287,1
DA:288,1
DA:290,1
DA:293,1
DA:294,1
DA:295,1
DA:327,1
DA:328,1
DA:329,1
DA:331,1
DA:340,1
DA:341,0
DA:342,1
DA:344,1
DA:365,1
DA:374,1
DA:376,1
DA:377,1
DA:387,1
DA:395,1
DA:396,1
DA:398,1
DA:403,1
DA:404,1
DA:412,1
DA:413,1
DA:421,0
DA:422,0
DA:437,1
DA:439,1
DA:441,1
DA:442,2
DA:443,1
DA:446,2
DA:448,5
DA:449,1
DA:450,3
DA:451,4
DA:455,5
DA:456,1
DA:457,3
DA:458,4
DA:464,0
DA:472,1
DA:474,0
DA:476,0
DA:477,0
DA:478,0
DA:479,0
DA:481,0
DA:482,0
DA:484,0
DA:485,0
DA:486,0
DA:487,0
DA:491,0
LF:154
LH:127
end_of_record
SF:lib\features\auth\presentation\pages\signup_screen.dart
DA:10,2
DA:12,1
DA:13,1
DA:39,1
DA:41,1
DA:44,2
DA:47,1
DA:50,2
DA:53,1
DA:56,2
DA:62,2
DA:63,1
DA:68,2
DA:69,1
DA:74,1
DA:75,2
DA:76,1
DA:77,1
DA:82,2
DA:85,1
DA:87,2
DA:88,2
DA:89,2
DA:90,2
DA:91,2
DA:92,2
DA:93,1
DA:96,0
DA:97,0
DA:98,0
DA:99,0
DA:100,0
DA:101,0
DA:104,0
DA:105,0
DA:106,0
DA:107,0
DA:111,0
DA:113,0
DA:114,0
DA:115,0
DA:116,0
DA:117,0
DA:118,0
DA:122,0
DA:123,0
DA:124,0
DA:125,0
DA:126,0
DA:127,0
DA:128,0
DA:129,0
DA:137,1
DA:152,1
DA:154,1
DA:155,1
DA:157,1
DA:169,1
DA:170,1
DA:171,1
DA:172,1
DA:173,1
DA:174,1
DA:175,2
DA:176,1
DA:184,1
DA:185,1
DA:187,1
DA:189,1
DA:191,1
DA:192,1
DA:193,1
DA:194,1
DA:195,1
DA:196,1
DA:197,1
DA:198,2
DA:201,1
DA:204,1
DA:206,1
DA:222,1
DA:223,1
DA:224,1
DA:225,1
DA:226,1
DA:229,1
DA:230,1
DA:233,1
DA:234,1
DA:237,1
DA:238,1
DA:239,1
DA:240,1
DA:244,1
DA:245,1
DA:251,1
DA:252,1
DA:253,1
DA:254,1
DA:255,1
DA:257,1
DA:259,1
DA:262,1
DA:294,1
DA:295,1
DA:303,1
DA:304,1
DA:305,1
DA:306,1
DA:308,1
DA:318,1
DA:319,1
DA:323,1
DA:324,0
DA:325,0
DA:330,1
DA:331,1
DA:335,1
DA:336,0
DA:337,0
DA:338,0
DA:346,1
DA:349,1
DA:350,2
DA:351,1
DA:357,1
DA:358,0
DA:381,1
DA:382,1
DA:383,1
DA:385,1
DA:394,1
DA:395,0
DA:396,1
DA:398,1
DA:421,1
DA:430,1
DA:432,1
DA:433,1
DA:443,1
DA:451,1
DA:452,1
DA:454,1
DA:459,1
DA:460,1
DA:468,1
DA:469,1
DA:477,0
DA:478,0
DA:479,0
DA:487,1
DA:493,1
DA:495,1
DA:496,1
DA:506,1
DA:507,2
DA:513,1
DA:514,1
DA:516,1
DA:521,1
DA:522,1
DA:526,1
DA:528,1
DA:529,0
DA:530,0
DA:532,1
DA:533,0
DA:534,0
DA:536,2
DA:538,1
DA:539,1
DA:545,0
DA:546,0
DA:561,1
DA:563,1
DA:565,1
DA:566,2
DA:567,1
DA:570,2
DA:572,5
DA:573,1
DA:574,3
DA:575,4
DA:579,5
DA:580,1
DA:581,3
DA:582,4
DA:588,1
DA:596,1
DA:598,0
DA:600,0
DA:601,0
DA:602,0
DA:603,0
DA:605,0
DA:606,0
DA:608,0
DA:609,0
DA:610,0
DA:611,0
DA:615,1
LF:201
LH:149
end_of_record
SF:lib\features\navigation\presentation\pages\user_home_screen.dart
DA:36,2
DA:38,0
DA:39,0
DA:43,0
DA:45,0
DA:47,0
DA:48,0
DA:49,0
DA:50,0
DA:51,0
DA:52,0
DA:58,0
DA:59,0
DA:61,0
DA:62,0
DA:63,0
DA:64,0
DA:66,0
DA:72,0
DA:74,0
DA:77,0
DA:78,0
DA:82,0
DA:84,0
DA:86,0
DA:91,0
DA:93,0
DA:97,0
DA:98,0
DA:99,0
DA:112,0
DA:117,0
DA:119,0
DA:121,0
DA:123,0
DA:125,0
DA:126,0
DA:127,0
DA:128,0
DA:137,0
DA:139,0
DA:140,0
DA:141,0
DA:142,0
DA:143,0
DA:144,0
DA:153,0
DA:155,0
DA:156,0
DA:157,0
DA:158,0
DA:159,0
DA:160,0
DA:166,0
DA:167,0
DA:174,0
DA:176,0
DA:177,0
DA:181,0
DA:182,0
DA:183,0
DA:187,0
DA:188,0
DA:190,0
DA:191,0
DA:196,0
DA:197,0
DA:199,0
DA:201,0
DA:203,0
DA:205,0
DA:218,0
DA:224,0
DA:232,0
DA:233,0
DA:234,0
DA:243,0
DA:244,0
DA:246,0
DA:250,0
DA:252,0
DA:253,0
DA:254,0
DA:256,0
DA:258,0
DA:259,0
DA:261,0
DA:262,0
DA:265,0
DA:266,0
DA:269,0
DA:295,0
DA:297,0
DA:298,0
DA:299,0
DA:302,0
DA:307,0
DA:308,0
DA:309,0
DA:317,0
DA:318,0
DA:319,0
DA:322,0
DA:324,0
DA:325,0
DA:326,0
DA:327,0
DA:329,0
DA:332,0
DA:333,0
DA:334,0
DA:336,0
DA:339,0
DA:341,0
DA:347,0
DA:348,0
DA:350,0
DA:360,0
DA:361,0
DA:362,0
DA:368,0
DA:369,0
DA:370,0
DA:371,0
DA:372,0
DA:373,0
DA:385,0
DA:388,0
DA:392,0
DA:400,0
DA:401,0
DA:403,0
DA:406,0
DA:407,0
DA:408,0
DA:412,0
DA:413,0
DA:414,0
DA:415,0
DA:419,0
DA:420,0
DA:422,0
DA:423,0
DA:426,0
DA:429,0
DA:430,0
DA:436,0
DA:437,0
DA:445,0
DA:446,0
DA:450,0
DA:451,0
DA:452,0
DA:454,0
DA:455,0
DA:456,0
DA:457,0
DA:458,0
DA:459,0
DA:460,0
DA:461,0
DA:465,0
DA:471,0
DA:472,0
DA:473,0
DA:474,0
DA:475,0
DA:478,0
DA:479,0
DA:480,0
DA:491,0
DA:493,0
DA:494,0
DA:497,0
DA:498,0
DA:500,0
DA:501,0
DA:505,0
DA:506,0
DA:515,0
DA:516,0
DA:519,0
DA:520,0
DA:523,0
DA:524,0
DA:525,0
DA:533,0
DA:534,0
DA:535,0
DA:536,0
DA:543,0
DA:545,0
DA:546,0
DA:552,0
DA:554,0
DA:557,0
DA:561,0
DA:562,0
DA:563,0
DA:572,0
DA:573,0
DA:574,0
DA:575,0
DA:576,0
DA:577,0
DA:579,0
DA:580,0
DA:581,0
DA:603,0
DA:604,0
DA:606,0
DA:608,0
DA:619,0
DA:621,0
DA:622,0
DA:623,0
DA:632,0
DA:633,0
DA:634,0
DA:635,0
DA:643,0
DA:644,0
DA:650,0
DA:651,0
DA:652,0
DA:655,0
DA:656,0
DA:658,0
DA:659,0
DA:668,0
DA:669,0
DA:670,0
DA:672,0
DA:673,0
DA:678,0
DA:680,0
DA:682,0
DA:688,0
DA:689,0
DA:690,0
DA:693,0
DA:695,0
DA:697,0
DA:706,0
DA:707,0
DA:708,0
DA:710,0
DA:711,0
DA:716,0
DA:725,0
DA:726,0
DA:727,0
DA:729,0
DA:739,0
DA:740,0
DA:741,0
DA:752,0
DA:754,0
DA:756,0
DA:765,0
DA:766,0
DA:767,0
DA:773,0
DA:775,0
DA:784,0
DA:785,0
DA:787,0
DA:797,0
DA:798,0
DA:799,0
DA:805,0
DA:806,0
DA:807,0
DA:808,0
DA:809,0
DA:810,0
DA:833,2
DA:835,0
DA:837,0
DA:846,0
DA:848,0
DA:849,0
DA:852,0
DA:853,0
DA:854,0
DA:859,0
DA:860,0
DA:861,0
DA:863,0
DA:864,0
DA:865,0
DA:871,0
DA:872,0
DA:874,0
DA:875,0
DA:877,0
DA:878,0
DA:879,0
DA:881,0
DA:884,0
DA:887,0
DA:889,0
DA:890,0
DA:891,0
DA:892,0
DA:893,0
DA:894,0
DA:895,0
DA:896,0
DA:902,0
DA:903,0
DA:905,0
DA:907,0
DA:908,0
DA:909,0
DA:911,0
DA:912,0
DA:915,0
DA:917,0
DA:918,0
DA:933,0
DA:935,0
DA:942,0
DA:944,0
DA:945,0
DA:947,0
DA:948,0
DA:951,0
DA:952,0
DA:953,0
DA:955,0
DA:957,0
DA:963,0
DA:964,0
DA:967,0
DA:969,0
DA:971,0
DA:972,0
DA:973,0
DA:976,0
DA:977,0
DA:978,0
DA:979,0
DA:980,0
DA:982,0
DA:983,0
DA:986,0
DA:990,0
DA:992,0
DA:994,0
DA:996,0
DA:1002,0
DA:1005,0
DA:1006,0
DA:1014,0
DA:1016,0
DA:1029,0
DA:1030,0
DA:1031,0
DA:1032,0
DA:1033,0
DA:1037,0
DA:1039,0
DA:1041,0
DA:1043,0
DA:1049,0
DA:1052,0
DA:1053,0
DA:1061,0
DA:1063,0
DA:1081,0
DA:1086,0
DA:1087,0
DA:1088,0
DA:1089,0
DA:1090,0
DA:1093,0
DA:1114,0
DA:1115,0
DA:1116,0
DA:1118,0
DA:1120,0
DA:1121,0
DA:1124,0
DA:1126,0
DA:1131,0
DA:1132,0
DA:1133,0
DA:1134,0
DA:1137,0
DA:1138,0
DA:1153,0
DA:1154,0
DA:1155,0
DA:1156,0
DA:1157,0
DA:1162,0
DA:1163,0
DA:1164,0
DA:1170,0
DA:1172,0
DA:1174,0
DA:1175,0
DA:1176,0
DA:1177,0
DA:1178,0
DA:1181,0
DA:1182,0
DA:1183,0
DA:1190,0
DA:1193,0
DA:1194,0
DA:1200,0
DA:1202,0
DA:1205,0
DA:1207,0
DA:1211,0
DA:1213,0
DA:1234,0
DA:1235,0
DA:1236,0
DA:1237,0
DA:1238,0
DA:1244,0
DA:1245,0
DA:1247,0
DA:1248,0
DA:1249,0
DA:1254,0
DA:1264,0
DA:1278,0
DA:1279,0
DA:1284,0
DA:1285,0
DA:1286,0
DA:1287,0
DA:1292,0
DA:1293,0
DA:1294,0
DA:1295,0
DA:1296,0
DA:1297,0
DA:1298,0
DA:1299,0
DA:1300,0
DA:1301,0
DA:1306,0
DA:1320,0
DA:1321,0
DA:1325,0
DA:1326,0
DA:1327,0
DA:1329,0
DA:1330,0
DA:1331,0
DA:1333,0
DA:1338,0
DA:1342,0
DA:1343,0
DA:1344,0
DA:1347,0
DA:1348,0
DA:1388,0
DA:1391,0
DA:1392,0
DA:1393,0
DA:1396,0
DA:1397,0
DA:1398,0
DA:1401,0
DA:1402,0
DA:1403,0
DA:1404,0
DA:1405,0
DA:1408,0
DA:1410,0
DA:1421,0
DA:1422,0
DA:1423,0
DA:1424,0
DA:1428,0
DA:1429,0
DA:1430,0
DA:1436,0
DA:1437,0
DA:1438,0
DA:1452,0
DA:1453,0
DA:1454,0
DA:1455,0
DA:1456,0
DA:1458,0
DA:1461,0
DA:1462,0
DA:1465,0
DA:1466,0
DA:1488,0
DA:1489,0
DA:1491,0
DA:1494,0
DA:1495,0
DA:1496,0
DA:1497,0
DA:1504,0
DA:1511,0
DA:1512,0
DA:1513,0
DA:1514,0
DA:1518,0
DA:1519,0
DA:1520,0
DA:1521,0
DA:1526,0
DA:1527,0
DA:1532,0
DA:1533,0
DA:1535,0
DA:1536,0
DA:1537,0
DA:1539,0
DA:1554,0
DA:1561,0
DA:1563,0
DA:1564,0
DA:1565,0
DA:1566,0
DA:1567,0
DA:1568,0
DA:1570,0
DA:1571,0
DA:1572,0
DA:1580,0
DA:1583,0
DA:1584,0
DA:1585,0
DA:1587,0
DA:1588,0
DA:1590,0
DA:1593,0
DA:1596,0
DA:1597,0
DA:1600,0
DA:1601,0
DA:1607,0
DA:1608,0
DA:1609,0
DA:1610,0
DA:1613,0
DA:1614,0
DA:1623,0
DA:1627,0
DA:1629,0
DA:1631,0
DA:1632,0
DA:1633,0
DA:1634,0
DA:1635,0
DA:1636,0
DA:1638,0
DA:1640,0
DA:1641,0
DA:1644,0
DA:1645,0
DA:1646,0
DA:1647,0
DA:1648,0
DA:1649,0
DA:1650,0
DA:1651,0
DA:1661,0
DA:1662,0
DA:1664,0
DA:1665,0
DA:1666,0
DA:1673,0
DA:1674,0
DA:1676,0
DA:1677,0
DA:1678,0
DA:1681,0
DA:1683,0
DA:1695,0
DA:1697,0
DA:1698,0
DA:1701,0
DA:1703,0
DA:1704,0
DA:1705,0
DA:1708,0
DA:1709,0
DA:1710,0
DA:1711,0
DA:1718,0
DA:1720,0
DA:1721,0
DA:1722,0
DA:1728,0
DA:1734,0
DA:1735,0
DA:1741,0
DA:1743,0
DA:1745,0
DA:1746,0
DA:1762,0
DA:1763,0
DA:1764,0
DA:1765,0
DA:1767,0
DA:1768,0
DA:1769,0
DA:1770,0
DA:1774,0
DA:1775,0
DA:1776,0
DA:1778,0
DA:1779,0
DA:1780,0
DA:1786,0
DA:1787,0
DA:1788,0
DA:1789,0
DA:1795,0
DA:1797,0
DA:1800,0
DA:1801,0
DA:1802,0
DA:1803,0
DA:1805,0
DA:1811,0
DA:1812,0
DA:1813,0
DA:1814,0
DA:1815,0
DA:1818,0
DA:1819,0
DA:1820,0
DA:1821,0
DA:1824,0
DA:1826,0
DA:1828,0
DA:1836,0
DA:1837,0
DA:1838,0
DA:1839,0
DA:1841,0
DA:1842,0
DA:1845,0
DA:1849,0
DA:1851,0
DA:1852,0
DA:1858,0
DA:1859,0
DA:1878,0
DA:1889,0
DA:1891,0
DA:1892,0
DA:1893,0
DA:1898,0
DA:1900,0
DA:1901,0
DA:1902,0
DA:1915,0
DA:1921,0
DA:1924,0
DA:1925,0
DA:1926,0
DA:1927,0
DA:1931,0
DA:1932,0
DA:1933,0
DA:1934,0
DA:1935,0
DA:1937,0
DA:1938,0
DA:1939,0
DA:1940,0
DA:1942,0
DA:1943,0
DA:1944,0
DA:1949,0
DA:1952,0
DA:1953,0
DA:1954,0
DA:1955,0
DA:1956,0
DA:1964,0
DA:1965,0
DA:1966,0
DA:1967,0
DA:1968,0
DA:1972,0
DA:1973,0
DA:1974,0
DA:1976,0
DA:1978,0
DA:1981,0
DA:1982,0
DA:1983,0
DA:1991,0
DA:1995,0
DA:1996,0
DA:1998,0
DA:2004,0
DA:2006,0
DA:2007,0
DA:2008,0
LF:706
LH:2
end_of_record
SF:lib\features\admin_map\presentation\pages\admin_dashboard_screen.dart
DA:15,0
DA:17,1
DA:19,1
DA:33,1
DA:35,1
DA:36,2
DA:39,1
DA:42,1
DA:44,2
DA:45,1
DA:48,1
DA:50,6
DA:52,1
DA:55,1
DA:66,1
DA:70,1
DA:71,1
DA:73,0
DA:74,0
DA:76,0
DA:86,0
DA:87,0
DA:88,0
DA:94,0
DA:95,0
DA:96,0
DA:97,0
DA:98,0
DA:99,0
DA:112,1
DA:114,2
DA:117,3
DA:118,1
DA:119,1
DA:121,1
DA:133,1
DA:134,1
DA:135,1
DA:136,1
DA:137,1
DA:138,1
DA:139,2
DA:140,1
DA:148,1
DA:149,1
DA:150,1
DA:151,1
DA:152,1
DA:153,1
DA:155,1
DA:156,1
DA:159,1
DA:162,1
DA:164,1
DA:165,1
DA:172,1
DA:175,0
DA:179,2
DA:180,1
DA:181,0
DA:182,0
DA:183,0
DA:203,1
DA:205,1
DA:206,1
DA:207,1
DA:208,1
DA:212,1
DA:215,0
DA:216,0
DA:217,0
DA:225,1
DA:228,1
DA:229,1
DA:233,1
DA:234,1
DA:237,0
DA:238,0
DA:239,0
DA:248,1
DA:252,1
DA:253,1
DA:255,0
DA:269,1
DA:274,1
DA:275,1
DA:282,1
DA:283,1
DA:290,1
DA:291,1
DA:293,1
DA:294,1
DA:295,2
DA:296,1
DA:297,1
DA:298,1
DA:299,1
DA:305,1
DA:310,1
DA:312,1
DA:313,1
DA:315,2
DA:319,1
DA:320,2
DA:339,0
DA:340,0
DA:341,0
DA:342,0
DA:345,1
DA:350,1
DA:351,1
DA:352,3
DA:354,1
DA:357,1
DA:358,2
DA:359,1
DA:363,1
DA:365,0
DA:366,0
DA:367,0
DA:368,0
DA:369,0
DA:372,0
DA:400,0
DA:401,0
DA:402,0
DA:404,0
DA:407,0
DA:408,0
DA:409,0
DA:411,0
DA:415,0
DA:416,0
DA:418,0
DA:419,0
DA:420,0
DA:421,0
DA:422,0
DA:423,0
DA:427,0
DA:428,0
DA:429,0
DA:430,0
DA:432,0
DA:436,0
DA:437,0
DA:438,0
DA:445,0
DA:450,0
DA:451,0
DA:453,0
DA:456,0
DA:457,0
DA:458,0
DA:460,0
DA:464,0
DA:465,0
DA:466,0
DA:467,0
DA:468,0
DA:469,0
DA:470,0
DA:471,0
DA:475,0
DA:476,0
DA:477,0
DA:478,0
DA:480,0
DA:484,0
DA:485,0
DA:486,0
DA:493,0
DA:498,0
DA:502,0
DA:503,0
DA:508,0
DA:509,0
DA:510,0
DA:511,0
DA:513,0
DA:514,0
DA:515,0
DA:516,0
DA:518,0
DA:522,0
DA:523,0
DA:524,0
DA:533,0
DA:541,0
DA:542,0
DA:543,0
DA:545,0
DA:546,0
DA:547,0
DA:548,0
DA:551,0
DA:553,0
DA:555,0
DA:556,0
DA:557,0
DA:558,0
DA:560,0
DA:574,0
DA:576,0
DA:577,0
DA:578,0
DA:585,0
DA:586,0
DA:594,0
DA:605,0
DA:606,0
DA:608,0
DA:609,0
DA:619,0
DA:622,0
DA:624,0
DA:629,0
DA:630,0
DA:643,0
DA:648,0
DA:656,1
DA:657,1
DA:659,1
DA:660,2
DA:661,1
DA:663,2
DA:664,5
DA:665,1
DA:666,3
DA:667,4
DA:671,5
DA:672,1
DA:673,3
DA:674,4
DA:680,1
LF:235
LH:104
end_of_record
SF:lib\features\admin_map\presentation\pages\building_detail_screen.dart
DA:15,3
DA:19,0
DA:20,0
DA:21,0
DA:28,0
DA:34,1
DA:36,1
DA:50,1
DA:52,1
DA:53,2
DA:56,1
DA:59,1
DA:61,2
DA:62,1
DA:65,1
DA:67,6
DA:69,1
DA:72,1
DA:73,1
DA:74,1
DA:86,1
DA:87,3
DA:97,1
DA:102,1
DA:103,1
DA:106,0
DA:107,0
DA:109,0
DA:119,0
DA:120,0
DA:121,0
DA:127,0
DA:128,0
DA:129,0
DA:130,0
DA:131,0
DA:132,0
DA:146,1
DA:148,2
DA:151,1
DA:152,1
DA:154,1
DA:166,1
DA:167,1
DA:168,1
DA:169,1
DA:170,1
DA:171,1
DA:172,2
DA:173,1
DA:181,1
DA:182,1
DA:183,2
DA:184,1
DA:185,1
DA:187,1
DA:188,1
DA:191,1
DA:194,1
DA:196,1
DA:197,1
DA:206,1
DA:208,1
DA:209,1
DA:210,1
DA:211,1
DA:214,1
DA:217,0
DA:218,0
DA:219,0
DA:227,1
DA:228,0
DA:242,1
DA:243,1
DA:245,1
DA:246,1
DA:247,2
DA:248,1
DA:249,1
DA:250,1
DA:251,1
DA:257,1
DA:262,1
DA:264,1
DA:265,1
DA:267,2
DA:269,1
DA:270,2
DA:278,1
DA:279,2
DA:298,0
DA:299,0
DA:300,0
DA:303,0
DA:305,0
DA:307,0
DA:308,0
DA:310,0
DA:313,0
DA:316,1
DA:321,1
DA:322,1
DA:323,3
DA:325,1
DA:328,1
DA:329,2
DA:330,1
DA:334,1
DA:336,0
DA:337,0
DA:338,0
DA:339,0
DA:340,0
DA:343,0
DA:371,0
DA:372,0
DA:373,0
DA:375,0
DA:378,0
DA:379,0
DA:380,0
DA:386,0
DA:390,0
DA:391,0
DA:393,0
DA:397,0
DA:399,0
DA:400,0
DA:401,0
DA:404,0
DA:405,0
DA:406,0
DA:407,0
DA:409,0
DA:413,0
DA:414,0
DA:415,0
DA:422,0
DA:423,0
DA:424,0
DA:425,0
DA:428,0
DA:431,0
DA:432,0
DA:433,0
DA:439,0
DA:443,0
DA:444,0
DA:446,0
DA:450,0
DA:451,0
DA:452,0
DA:453,0
DA:454,0
DA:455,0
DA:457,0
DA:461,0
DA:462,0
DA:463,0
DA:464,0
DA:466,0
DA:470,0
DA:471,0
DA:472,0
DA:479,0
DA:480,0
DA:484,0
DA:485,0
DA:490,0
DA:491,0
DA:492,0
DA:493,0
DA:494,0
DA:497,0
DA:498,0
DA:499,0
DA:500,0
DA:502,0
DA:506,0
DA:507,0
DA:508,0
DA:517,0
DA:525,0
DA:526,0
DA:527,0
DA:529,0
DA:530,0
DA:531,0
DA:532,0
DA:535,0
DA:537,0
DA:539,0
DA:540,0
DA:541,0
DA:542,0
DA:544,0
DA:558,0
DA:560,0
DA:561,0
DA:562,0
DA:569,0
DA:570,0
DA:578,0
DA:589,0
DA:594,0
DA:596,0
DA:597,0
DA:607,0
DA:611,0
DA:613,0
DA:618,0
DA:619,0
DA:632,0
DA:637,0
DA:638,0
DA:646,1
DA:647,1
DA:649,1
DA:650,2
DA:651,1
DA:653,2
DA:654,5
DA:655,1
DA:656,3
DA:657,4
DA:661,5
DA:662,1
DA:663,3
DA:664,4
DA:670,1
LF:230
LH:94
end_of_record
SF:lib\features\admin_map\presentation\pages\floor_detail_screen.dart
DA:25,1
DA:26,1
DA:27,3
DA:30,3
DA:34,0
DA:35,0
DA:36,0
DA:38,0
DA:41,3
DA:45,0
DA:46,0
DA:47,0
DA:49,0
DA:50,0
DA:51,0
DA:60,0
DA:67,1
DA:68,1
DA:91,1
DA:93,1
DA:94,3
DA:96,0
DA:97,0
DA:102,3
DA:103,1
DA:104,0
DA:108,1
DA:110,1
DA:115,0
DA:116,0
DA:117,0
DA:118,0
DA:119,0
DA:120,0
DA:121,0
DA:122,0
DA:124,0
DA:125,0
DA:126,0
DA:128,0
DA:130,0
DA:132,0
DA:133,0
DA:134,0
DA:135,0
DA:136,0
DA:137,0
DA:138,0
DA:141,0
DA:142,0
DA:145,0
DA:146,0
DA:151,1
DA:153,2
DA:154,1
DA:157,0
DA:158,0
DA:159,0
DA:160,0
DA:161,0
DA:164,0
DA:176,0
DA:177,0
DA:178,0
DA:181,0
DA:182,0
DA:183,0
DA:184,0
DA:186,0
DA:187,0
DA:188,0
DA:189,0
DA:190,0
DA:191,0
DA:198,0
DA:199,0
DA:200,0
DA:201,0
DA:202,0
DA:206,0
DA:207,0
DA:208,0
DA:209,0
DA:210,0
DA:213,0
DA:217,0
DA:226,0
DA:227,0
DA:228,0
DA:231,0
DA:235,0
DA:247,0
DA:248,0
DA:249,0
DA:251,0
DA:254,0
DA:256,0
DA:257,0
DA:258,0
DA:259,0
DA:261,0
DA:262,0
DA:263,0
DA:264,0
DA:266,0
DA:268,0
DA:272,0
DA:274,0
DA:275,0
DA:278,0
DA:289,0
DA:294,0
DA:295,0
DA:297,0
DA:298,0
DA:302,0
DA:303,0
DA:305,0
DA:308,0
DA:310,0
DA:312,0
DA:327,0
DA:330,0
DA:331,0
DA:332,0
DA:333,0
DA:335,0
DA:338,0
DA:339,0
DA:341,0
DA:350,0
DA:351,0
DA:352,0
DA:354,0
DA:357,0
DA:358,0
DA:359,0
DA:360,0
DA:363,0
DA:364,0
DA:365,0
DA:375,0
DA:376,0
DA:386,0
DA:391,0
DA:392,0
DA:393,0
DA:396,0
DA:397,0
DA:398,0
DA:400,0
DA:402,0
DA:403,0
DA:404,0
DA:405,0
DA:406,0
DA:407,0
DA:412,0
DA:418,0
DA:419,0
DA:420,0
DA:421,0
DA:422,0
DA:426,0
DA:427,0
DA:428,0
DA:429,0
DA:430,0
DA:433,0
DA:437,0
DA:448,0
DA:449,0
DA:451,0
DA:452,0
DA:453,0
DA:460,0
DA:461,0
DA:462,0
DA:465,0
DA:466,0
DA:473,0
DA:474,0
DA:475,0
DA:476,0
DA:477,0
DA:480,0
DA:481,0
DA:482,0
DA:483,0
DA:485,0
DA:486,0
DA:487,0
DA:488,0
DA:491,0
DA:492,0
DA:493,0
DA:495,0
DA:496,0
DA:499,0
DA:503,0
DA:507,0
DA:508,0
DA:511,0
DA:512,0
DA:514,0
DA:516,0
DA:517,0
DA:518,0
DA:520,0
DA:521,0
DA:523,0
DA:525,0
DA:526,0
DA:527,0
DA:528,0
DA:530,0
DA:531,0
DA:532,0
DA:534,0
DA:540,0
DA:542,0
DA:543,0
DA:555,0
DA:560,0
DA:561,0
DA:564,0
DA:565,0
DA:567,0
DA:570,0
DA:572,0
DA:574,0
DA:586,0
DA:587,0
DA:597,0
DA:602,0
DA:603,0
DA:604,0
DA:607,0
DA:608,0
DA:609,0
DA:610,0
DA:613,0
DA:614,0
DA:615,0
DA:616,0
DA:617,0
DA:618,0
DA:619,0
DA:622,0
DA:623,0
DA:629,0
DA:630,0
DA:631,0
DA:632,0
DA:633,0
DA:637,0
DA:638,0
DA:639,0
DA:640,0
DA:641,0
DA:645,0
DA:646,0
DA:650,0
DA:661,0
DA:662,0
DA:663,0
DA:664,0
DA:667,0
DA:668,0
DA:744,0
DA:745,0
DA:746,0
DA:755,1
DA:756,6
DA:759,0
DA:763,0
DA:767,0
DA:769,0
DA:770,0
DA:771,0
DA:774,0
DA:775,0
DA:776,0
DA:782,0
DA:784,0
DA:785,0
DA:787,0
DA:798,0
DA:800,0
DA:804,0
DA:805,0
DA:806,0
DA:808,0
DA:809,0
DA:813,0
DA:814,0
DA:816,0
DA:817,0
DA:820,0
DA:823,0
DA:826,0
DA:829,0
DA:832,0
DA:835,0
DA:842,0
DA:844,0
DA:845,0
DA:846,0
DA:848,0
DA:849,0
DA:850,0
DA:851,0
DA:852,0
DA:853,0
DA:855,0
DA:857,0
DA:860,0
DA:865,0
DA:867,0
DA:869,0
DA:871,0
DA:872,0
DA:874,0
DA:875,0
DA:878,0
DA:882,0
DA:883,0
DA:885,0
DA:886,0
DA:887,0
DA:894,0
DA:895,0
DA:897,0
DA:898,0
DA:899,0
DA:900,0
DA:911,0
DA:912,0
DA:931,0
DA:932,0
DA:933,0
DA:936,0
DA:937,0
DA:939,0
DA:940,0
DA:942,0
DA:943,0
DA:944,0
DA:948,0
DA:950,0
DA:951,0
DA:953,0
DA:956,0
DA:958,0
DA:959,0
DA:960,0
DA:961,0
DA:962,0
DA:963,0
DA:966,0
DA:969,0
DA:973,0
DA:974,0
DA:975,0
DA:977,0
DA:979,0
DA:982,0
DA:984,0
DA:988,1
DA:990,5
DA:991,4
DA:992,4
DA:995,3
DA:997,1
DA:999,3
DA:1000,0
DA:1001,0
DA:1002,0
DA:1003,0
DA:1007,1
DA:1010,1
DA:1011,1
DA:1012,1
DA:1024,1
DA:1025,3
DA:1036,1
DA:1039,1
DA:1040,1
DA:1041,0
DA:1044,0
DA:1046,0
DA:1049,0
DA:1053,1
DA:1054,1
DA:1055,1
DA:1056,1
DA:1059,0
DA:1060,0
DA:1061,0
DA:1062,0
DA:1063,0
DA:1065,0
DA:1066,0
DA:1072,1
DA:1073,1
DA:1074,1
DA:1075,1
DA:1078,0
DA:1079,0
DA:1080,0
DA:1081,0
DA:1082,0
DA:1083,0
DA:1084,0
DA:1086,0
DA:1087,0
DA:1094,1
DA:1095,0
DA:1096,0
DA:1098,0
DA:1100,0
DA:1103,0
DA:1104,0
DA:1105,0
DA:1106,0
DA:1107,0
DA:1108,0
DA:1115,1
DA:1118,1
DA:1121,1
DA:1123,2
DA:1126,1
DA:1127,1
DA:1129,1
DA:1141,1
DA:1142,1
DA:1143,2
DA:1144,1
DA:1145,1
DA:1146,1
DA:1153,1
DA:1156,1
DA:1157,1
DA:1159,1
DA:1160,2
DA:1164,1
DA:1165,1
DA:1166,1
DA:1169,1
DA:1176,1
DA:1177,1
DA:1178,2
DA:1179,2
DA:1180,1
DA:1181,2
DA:1183,1
DA:1185,3
DA:1186,1
DA:1187,0
DA:1188,1
DA:1189,0
DA:1190,0
DA:1191,0
DA:1192,0
DA:1193,0
DA:1194,0
DA:1197,0
DA:1198,0
DA:1199,0
DA:1200,0
DA:1203,0
DA:1206,0
DA:1207,0
DA:1209,0
DA:1210,0
DA:1212,0
DA:1213,0
DA:1215,0
DA:1216,0
DA:1217,0
DA:1218,0
DA:1219,0
DA:1220,0
DA:1221,0
DA:1225,0
DA:1226,0
DA:1227,0
DA:1228,0
DA:1229,0
DA:1233,0
DA:1234,0
DA:1235,0
DA:1236,0
DA:1237,0
DA:1238,0
DA:1239,0
DA:1240,0
DA:1241,0
DA:1245,0
DA:1246,0
DA:1247,0
DA:1248,0
DA:1249,0
DA:1256,0
DA:1264,0
DA:1267,0
DA:1268,0
DA:1269,0
DA:1274,1
DA:1277,0
DA:1278,0
DA:1279,0
DA:1286,1
DA:1287,0
DA:1291,0
DA:1292,0
DA:1293,0
DA:1295,0
DA:1296,0
DA:1297,0
DA:1298,0
DA:1299,0
DA:1300,0
DA:1301,0
DA:1302,0
DA:1306,0
DA:1312,0
DA:1313,0
DA:1314,0
DA:1315,0
DA:1316,0
DA:1317,0
DA:1318,0
DA:1324,0
DA:1325,0
DA:1327,0
DA:1334,0
DA:1335,0
DA:1346,0
DA:1348,0
DA:1351,0
DA:1352,0
DA:1353,0
DA:1360,0
DA:1361,0
DA:1372,0
DA:1373,0
DA:1375,0
DA:1376,0
DA:1378,0
DA:1379,0
DA:1385,0
DA:1387,0
DA:1390,0
DA:1394,0
DA:1395,0
DA:1396,0
DA:1402,0
DA:1406,0
DA:1455,0
DA:1462,0
DA:1463,0
DA:1476,1
DA:1478,1
DA:1479,1
DA:1481,0
DA:1482,0
DA:1483,0
DA:1484,0
DA:1485,0
DA:1486,0
DA:1487,0
DA:1492,0
DA:1496,1
DA:1497,1
DA:1505,1
DA:1507,0
DA:1510,1
DA:1511,1
DA:1530,1
DA:1540,1
DA:1541,1
DA:1548,1
DA:1554,3
DA:1555,1
DA:1558,0
DA:1562,0
DA:1566,0
DA:1570,0
DA:1574,0
DA:1578,0
DA:1582,0
DA:1586,0
DA:1590,0
DA:1594,0
DA:1598,0
DA:1604,2
DA:1606,1
DA:1607,0
DA:1608,0
DA:1610,0
DA:1611,0
DA:1613,2
DA:1614,1
DA:1616,1
DA:1617,1
DA:1620,1
DA:1622,1
DA:1623,4
DA:1625,1
DA:1630,1
DA:1633,4
DA:1636,4
DA:1637,1
DA:1640,1
DA:1642,1
DA:1644,1
DA:1645,3
DA:1657,1
DA:1659,1
DA:1660,1
DA:1661,1
DA:1662,1
DA:1666,3
DA:1667,4
DA:1669,3
DA:1670,4
DA:1674,0
DA:1684,1
DA:1691,1
DA:1693,1
DA:1694,1
DA:1695,1
DA:1696,1
DA:1698,1
DA:1700,2
DA:1702,6
DA:1703,6
DA:1707,6
DA:1708,6
DA:1711,3
DA:1713,0
DA:1714,0
DA:1715,0
DA:1716,0
DA:1717,0
DA:1725,0
DA:1726,0
DA:1727,0
DA:1728,0
DA:1732,1
DA:1733,1
DA:1734,1
DA:1743,0
LF:654
LH:135
end_of_record
SF:lib\features\admin_map\presentation\pages\user_management_screen.dart
DA:9,2
DA:11,0
DA:13,0
DA:27,0
DA:29,0
DA:31,0
DA:34,0
DA:37,0
DA:39,0
DA:40,0
DA:43,0
DA:45,0
DA:46,0
DA:48,0
DA:51,0
DA:76,0
DA:80,0
DA:82,0
DA:86,0
DA:87,0
DA:89,0
DA:101,0
DA:102,0
DA:103,0
DA:104,0
DA:105,0
DA:106,0
DA:107,0
DA:108,0
DA:116,0
DA:117,0
DA:118,0
DA:119,0
DA:120,0
DA:121,0
DA:123,0
DA:124,0
DA:130,0
DA:132,0
DA:133,0
DA:134,0
DA:135,0
DA:139,0
DA:142,0
DA:143,0
DA:144,0
DA:153,0
DA:166,0
DA:167,0
DA:169,0
DA:171,0
DA:172,0
DA:173,0
DA:175,0
DA:176,0
DA:178,0
DA:179,0
DA:180,0
DA:181,0
DA:187,0
DA:189,0
DA:191,0
DA:193,0
DA:194,0
DA:196,0
DA:198,0
DA:199,0
DA:202,0
DA:208,0
DA:209,0
DA:217,0
DA:219,0
DA:220,0
DA:221,0
DA:223,0
DA:229,0
DA:230,0
DA:231,0
DA:241,0
DA:245,0
DA:246,0
DA:247,0
DA:249,0
DA:250,0
DA:256,0
DA:262,0
DA:263,0
DA:266,0
DA:267,0
DA:273,0
DA:286,0
DA:294,0
DA:295,0
DA:296,0
DA:297,0
DA:298,0
DA:299,0
DA:300,0
DA:313,0
DA:314,0
DA:315,0
DA:316,0
DA:317,0
DA:336,0
DA:337,0
DA:339,0
DA:340,0
DA:341,0
DA:343,0
DA:344,0
DA:345,0
DA:346,0
DA:347,0
DA:351,0
DA:352,0
DA:353,0
DA:354,0
DA:360,0
LF:118
LH:1
end_of_record
SF:lib\features\admin_map\presentation\pages\campus_connections_screen.dart
DA:10,2
DA:12,1
DA:14,1
DA:25,1
DA:34,2
DA:35,2
DA:42,3
DA:43,1
DA:45,4
DA:46,3
DA:48,1
DA:49,1
DA:50,1
DA:51,1
DA:52,0
DA:53,1
DA:54,1
DA:55,0
DA:56,0
DA:57,0
DA:58,1
DA:60,1
DA:62,5
DA:68,1
DA:69,1
DA:71,1
DA:73,1
DA:75,1
DA:76,1
DA:81,1
DA:82,1
DA:83,1
DA:84,1
DA:88,1
DA:89,2
DA:90,1
DA:91,1
DA:92,2
DA:94,1
DA:95,0
DA:96,0
DA:103,1
DA:104,1
DA:108,1
DA:110,2
DA:111,1
DA:112,1
DA:113,2
DA:115,1
DA:116,0
DA:117,0
DA:123,1
DA:124,1
DA:132,1
DA:134,1
DA:135,0
DA:137,0
DA:139,0
DA:140,0
DA:143,0
DA:144,0
DA:146,0
DA:157,0
DA:158,0
DA:160,0
DA:161,0
DA:162,0
DA:163,0
DA:168,0
DA:169,0
DA:170,0
DA:171,0
DA:172,0
DA:173,0
DA:177,0
DA:178,0
DA:180,0
DA:185,0
DA:186,0
DA:187,0
DA:188,0
DA:191,0
DA:192,0
DA:207,1
DA:208,1
DA:210,1
DA:211,1
DA:212,1
DA:213,1
DA:214,1
DA:216,1
DA:217,5
DA:219,1
DA:220,3
DA:222,1
DA:227,0
DA:228,0
DA:229,0
DA:231,0
DA:232,0
LF:100
LH:59
end_of_record
SF:lib\features\admin_map\presentation\pages\organization_list_screen.dart
DA:17,2
DA:19,1
DA:21,1
DA:35,1
DA:37,1
DA:38,2
DA:41,1
DA:44,1
DA:46,2
DA:47,1
DA:50,1
DA:52,3
DA:54,1
DA:58,1
DA:69,1
DA:74,1
DA:75,1
DA:78,0
DA:79,0
DA:81,0
DA:91,0
DA:92,0
DA:93,0
DA:99,0
DA:100,0
DA:101,0
DA:102,0
DA:103,0
DA:104,0
DA:119,1
DA:121,2
DA:125,1
DA:126,1
DA:128,1
DA:140,1
DA:141,1
DA:142,1
DA:143,1
DA:144,1
DA:145,1
DA:146,2
DA:147,1
DA:155,1
DA:156,1
DA:157,1
DA:158,1
DA:159,3
DA:160,1
DA:161,2
DA:167,3
DA:168,1
DA:169,1
DA:171,1
DA:172,1
DA:175,1
DA:178,1
DA:180,1
DA:181,1
DA:192,0
DA:193,0
DA:195,0
DA:196,0
DA:197,0
DA:198,0
DA:206,1
DA:207,0
DA:217,0
DA:218,0
DA:220,0
DA:221,0
DA:222,0
DA:223,0
DA:224,0
DA:225,0
DA:226,0
DA:232,0
DA:234,0
DA:236,0
DA:237,0
DA:242,0
DA:243,0
DA:251,0
DA:253,0
DA:254,0
DA:260,0
DA:261,0
DA:262,0
DA:264,0
DA:267,0
DA:268,0
DA:269,0
DA:273,0
DA:275,0
DA:276,0
DA:277,0
DA:278,0
DA:279,0
DA:282,0
DA:316,0
DA:318,0
DA:319,0
DA:321,0
DA:322,0
DA:323,0
DA:325,0
DA:326,0
DA:327,0
DA:329,0
DA:331,0
DA:334,0
DA:335,0
DA:336,0
DA:337,0
DA:342,0
DA:355,0
DA:357,0
DA:361,0
DA:363,0
DA:364,0
DA:365,0
DA:372,0
DA:373,0
DA:378,0
DA:379,0
DA:382,0
DA:383,0
DA:385,0
DA:386,0
DA:387,0
DA:388,0
DA:389,0
DA:393,0
DA:394,0
DA:396,0
DA:397,0
DA:398,0
DA:399,0
DA:404,0
DA:405,0
DA:406,0
DA:409,0
DA:420,0
DA:421,0
DA:422,0
DA:423,0
DA:425,0
DA:426,0
DA:427,0
DA:429,0
DA:431,0
DA:433,0
DA:449,0
DA:450,0
DA:455,0
DA:457,0
DA:458,0
DA:459,0
DA:466,0
DA:467,0
DA:472,0
DA:473,0
DA:474,0
DA:476,0
DA:477,0
DA:478,0
DA:479,0
DA:493,0
DA:494,0
DA:496,0
DA:497,0
DA:507,0
DA:510,0
DA:512,0
DA:517,0
DA:518,0
DA:537,1
DA:539,1
DA:541,1
DA:542,2
DA:543,1
DA:546,2
DA:548,5
DA:549,1
DA:550,3
DA:551,4
DA:555,5
DA:556,1
DA:557,3
DA:558,4
DA:564,1
LF:190
LH:62
end_of_record
SF:lib\features\ar_navigation\presentation\pages\ar_navigation_screen.dart
DA:22,2
DA:24,0
DA:25,0
DA:39,0
DA:41,0
DA:42,0
DA:45,0
DA:48,0
DA:51,0
DA:53,0
DA:56,0
DA:58,0
DA:59,0
DA:60,0
DA:61,0
DA:62,0
DA:65,0
DA:67,0
DA:68,0
DA:70,0
DA:71,0
DA:72,0
DA:73,0
DA:74,0
DA:75,0
DA:79,0
DA:81,0
DA:82,0
DA:85,0
DA:86,0
DA:87,0
DA:88,0
DA:89,0
DA:95,0
DA:96,0
DA:97,0
DA:98,0
DA:104,0
DA:105,0
DA:106,0
DA:110,0
DA:117,0
DA:121,0
DA:122,0
DA:127,0
DA:128,0
DA:129,0
DA:130,0
DA:131,0
DA:134,0
DA:135,0
DA:136,0
DA:137,0
DA:138,0
DA:142,0
DA:143,0
DA:144,0
DA:145,0
DA:149,0
DA:153,0
DA:155,0
DA:157,0
DA:160,0
DA:161,0
DA:162,0
DA:165,0
DA:167,0
DA:169,0
DA:171,0
DA:173,0
DA:176,0
DA:177,0
DA:178,0
DA:179,0
DA:180,0
DA:181,0
DA:182,0
DA:183,0
DA:185,0
DA:195,0
DA:196,0
DA:198,0
DA:201,0
DA:203,0
DA:205,0
DA:210,0
DA:211,0
DA:214,0
DA:222,0
DA:223,0
DA:225,0
DA:227,0
DA:229,0
DA:237,0
DA:241,0
DA:243,0
DA:244,0
DA:245,0
DA:255,0
DA:259,0
DA:260,0
DA:262,0
DA:264,0
DA:266,0
DA:268,0
DA:269,0
DA:270,0
DA:275,0
DA:276,0
DA:277,0
DA:278,0
DA:281,0
DA:282,0
DA:283,0
DA:284,0
DA:286,0
DA:287,0
DA:289,0
DA:293,0
DA:296,0
DA:297,0
DA:298,0
DA:302,0
DA:303,0
DA:304,0
DA:305,0
DA:306,0
DA:307,0
DA:310,0
DA:312,0
DA:313,0
DA:318,0
DA:319,0
DA:320,0
DA:321,0
DA:322,0
DA:323,0
DA:325,0
DA:326,0
DA:327,0
DA:328,0
DA:329,0
DA:330,0
DA:331,0
DA:334,0
DA:335,0
DA:336,0
DA:337,0
DA:343,0
DA:350,0
DA:352,0
DA:353,0
DA:354,0
DA:356,0
DA:357,0
DA:359,0
DA:362,0
DA:363,0
DA:366,0
DA:367,0
DA:369,0
DA:378,0
DA:379,0
DA:380,0
DA:382,0
DA:384,0
DA:385,0
DA:387,0
DA:401,0
DA:403,0
DA:404,0
DA:410,0
DA:411,0
DA:414,0
DA:417,0
DA:418,0
DA:427,0
DA:428,0
DA:429,0
DA:431,0
DA:440,0
DA:441,0
DA:442,0
DA:444,0
DA:446,0
DA:453,0
DA:459,0
DA:460,0
DA:472,0
DA:477,0
DA:479,0
DA:482,0
DA:483,0
DA:485,0
DA:487,0
DA:491,0
LF:196
LH:1
end_of_record
SF:lib\core\widgets\splash_screen.dart
DA:4,2
DA:6,1
LF:2
LH:2
end_of_record
SF:lib\core\services\compass_service.dart
DA:7,0
DA:9,0
DA:10,0
DA:21,0
DA:23,0
DA:25,0
DA:26,0
DA:27,0
DA:32,0
DA:35,0
DA:36,0
DA:39,0
DA:43,0
DA:44,0
DA:45,0
DA:49,0
DA:50,0
DA:51,0
DA:52,0
DA:57,0
DA:60,3
LF:21
LH:1
end_of_record
SF:lib\core\services\graph_service.dart
DA:24,1
DA:27,0
DA:28,0
DA:39,1
DA:42,2
DA:43,0
DA:44,0
DA:45,1
DA:49,2
DA:50,2
DA:53,2
DA:54,1
DA:56,1
DA:58,2
DA:61,2
DA:62,3
DA:63,2
DA:65,2
DA:66,4
DA:67,2
DA:68,1
DA:69,1
DA:72,2
DA:73,2
DA:75,2
DA:76,2
DA:79,4
DA:80,4
DA:85,2
DA:88,1
DA:91,2
DA:92,1
DA:93,3
DA:96,1
DA:97,5
DA:100,1
DA:101,4
DA:102,1
DA:103,2
DA:105,1
DA:106,4
DA:107,1
DA:110,1
DA:113,0
DA:120,1
DA:121,0
DA:122,2
DA:123,2
DA:125,2
DA:126,2
DA:128,2
DA:129,2
DA:132,2
DA:133,2
DA:139,1
DA:141,1
DA:143,2
DA:144,1
DA:145,0
DA:146,0
DA:147,0
DA:149,0
DA:153,1
DA:154,0
DA:155,0
DA:156,0
DA:157,0
DA:158,0
DA:165,0
DA:169,0
DA:170,0
DA:171,0
DA:173,0
DA:174,0
DA:186,1
DA:187,3
DA:192,1
DA:193,0
DA:194,0
DA:197,0
DA:198,0
DA:200,0
DA:201,0
DA:203,0
DA:205,0
DA:206,0
DA:208,0
DA:210,0
DA:212,0
DA:213,0
DA:215,0
DA:216,0
DA:217,0
DA:219,0
DA:220,0
DA:221,0
DA:225,0
DA:226,0
DA:227,0
DA:228,0
DA:229,0
DA:230,0
DA:233,0
DA:234,0
DA:236,0
DA:237,0
DA:238,0
DA:239,0
DA:240,0
DA:241,0
DA:243,0
DA:244,0
DA:245,0
DA:255,0
DA:256,0
DA:257,0
DA:258,0
DA:261,0
DA:262,0
DA:263,0
DA:264,0
DA:266,0
DA:267,0
DA:268,0
DA:270,0
DA:271,0
DA:272,0
DA:274,0
DA:275,0
DA:276,0
DA:291,0
DA:296,0
DA:299,0
DA:300,0
DA:305,3
LF:135
LH:57
end_of_record
SF:lib\core\services\pedometer_service.dart
DA:30,0
DA:33,0
DA:36,0
DA:39,0
DA:42,0
DA:44,0
DA:45,0
DA:49,0
DA:50,0
DA:52,0
DA:53,0
DA:55,0
DA:57,0
DA:61,0
DA:62,0
DA:63,0
DA:64,0
DA:65,0
DA:69,0
DA:70,0
DA:71,0
DA:72,0
DA:73,0
DA:76,0
DA:78,0
DA:79,0
DA:82,0
DA:85,0
DA:86,0
DA:87,0
DA:88,0
DA:89,0
DA:90,0
DA:91,0
DA:92,0
DA:93,0
DA:96,0
DA:97,0
DA:98,0
DA:103,0
DA:104,0
DA:105,0
DA:109,0
DA:110,0
DA:111,0
LF:45
LH:0
end_of_record
SF:lib\core\services\voice_guidance_impl.dart
DA:7,0
DA:8,0
DA:18,0
DA:19,0
DA:20,0
DA:23,0
DA:25,0
DA:26,0
DA:27,0
DA:28,0
DA:29,0
DA:31,0
DA:32,0
DA:33,0
DA:34,0
DA:35,0
DA:36,0
DA:39,0
DA:40,0
DA:42,0
DA:43,0
DA:45,0
DA:48,0
DA:49,0
DA:50,0
DA:54,0
DA:55,0
DA:57,0
DA:59,0
DA:60,0
DA:61,0
DA:64,0
DA:65,0
DA:66,0
DA:68,0
DA:69,0
DA:70,0
DA:72,0
DA:73,0
DA:75,0
DA:76,0
DA:80,0
DA:83,0
DA:84,0
DA:88,0
DA:90,0
LF:46
LH:0
end_of_record
SF:lib\core\services\voice_guidance_service.dart
DA:24,3
DA:25,0
DA:26,0
LF:3
LH:1
end_of_record
SF:lib\core\widgets\custom_toast.dart
DA:4,0
DA:9,0
DA:10,0
DA:11,0
DA:15,0
DA:17,0
DA:22,0
DA:25,0
DA:26,0
DA:35,0
DA:37,0
DA:38,0
DA:47,0
DA:49,0
DA:50,0
DA:56,0
DA:59,0
DA:61,0
DA:64,0
DA:66,0
DA:69,0
DA:70,0
DA:74,0
DA:76,0
DA:77,0
DA:80,0
DA:83,0
DA:88,0
DA:89,0
DA:90,0
DA:91,0
DA:92,0
DA:94,0
DA:95,0
DA:96,0
DA:97,0
DA:98,0
DA:99,0
DA:100,0
DA:107,0
DA:109,0
DA:110,0
DA:111,0
DA:118,0
DA:119,0
DA:120,0
DA:121,0
DA:127,0
DA:128,0
LF:49
LH:0
end_of_record
SF:lib\features\admin_map\data\models\campus_models.dart
DA:5,1
DA:13,1
DA:14,1
DA:15,1
DA:16,1
DA:17,1
DA:18,1
DA:19,2
DA:20,1
DA:24,0
DA:25,0
DA:26,0
DA:27,0
DA:28,0
DA:29,0
LF:15
LH:9
end_of_record
SF:lib\features\admin_map\data\models\map_models.dart
DA:5,1
DA:13,1
DA:14,1
DA:15,1
DA:16,1
DA:17,1
DA:18,1
DA:19,1
DA:20,1
DA:24,0
DA:25,0
DA:26,0
DA:27,0
DA:28,0
DA:29,0
DA:35,2
DA:42,1
DA:43,1
DA:44,1
DA:45,1
DA:47,1
DA:48,1
DA:52,1
DA:53,3
DA:58,1
DA:69,1
DA:70,1
DA:71,1
DA:72,1
DA:74,1
DA:75,2
DA:76,2
DA:77,1
DA:78,4
DA:79,0
DA:81,1
DA:82,1
DA:86,0
DA:87,0
DA:88,0
DA:89,0
DA:90,0
DA:91,0
DA:92,0
DA:93,0
DA:99,1
DA:107,1
DA:108,1
DA:109,1
DA:110,1
DA:112,1
DA:113,1
DA:114,2
DA:118,0
DA:119,0
DA:120,0
DA:121,0
DA:122,0
LF:58
LH:38
end_of_record
SF:lib\features\admin_map\data\models\organization_model.dart
DA:5,2
DA:11,2
DA:12,2
DA:13,2
DA:14,2
DA:15,2
DA:16,2
DA:20,1
DA:21,3
LF:9
LH:9
end_of_record
SF:lib\features\admin_map\data\repositories\admin_map_repository_impl.dart
DA:14,1
DA:17,1
DA:23,3
DA:24,1
DA:25,1
DA:29,2
DA:32,0
DA:36,1
DA:39,3
DA:40,1
DA:41,3
DA:42,1
DA:43,1
DA:45,0
DA:49,0
DA:54,0
DA:57,0
DA:61,0
DA:68,0
DA:74,0
DA:79,0
DA:86,0
DA:87,0
DA:88,0
DA:93,0
DA:96,0
DA:100,0
DA:105,0
DA:108,0
DA:111,0
DA:112,0
DA:113,0
DA:114,0
DA:115,0
DA:117,0
DA:121,1
DA:129,1
DA:130,1
DA:131,1
DA:132,1
DA:133,1
DA:134,1
DA:136,2
DA:142,1
DA:143,1
DA:144,1
DA:145,1
DA:146,1
DA:148,1
DA:149,1
DA:155,2
DA:158,0
DA:162,0
DA:165,0
DA:168,0
DA:172,0
DA:179,0
DA:185,0
DA:189,0
DA:192,0
DA:193,0
DA:194,0
DA:195,0
DA:196,0
DA:197,0
DA:199,0
DA:200,0
DA:201,0
DA:202,0
DA:204,0
DA:208,0
DA:214,0
DA:215,0
DA:216,0
DA:217,0
DA:218,0
DA:219,0
DA:222,0
DA:226,0
DA:234,0
DA:235,0
DA:236,0
DA:237,0
DA:238,0
DA:239,0
DA:242,0
DA:246,0
DA:258,0
DA:259,0
DA:260,0
DA:261,0
DA:262,0
DA:263,0
DA:264,0
DA:266,0
DA:267,0
DA:277,0
DA:280,0
DA:284,0
DA:290,0
DA:291,0
DA:292,0
DA:293,0
DA:294,0
DA:295,0
DA:296,0
DA:298,0
DA:299,0
DA:300,0
DA:301,0
DA:303,0
DA:307,0
DA:314,0
DA:315,0
DA:316,0
DA:317,0
DA:318,0
DA:319,0
DA:320,0
DA:321,0
DA:324,0
DA:328,0
DA:337,0
DA:338,0
DA:339,0
DA:340,0
DA:341,0
DA:342,0
DA:343,0
DA:345,0
DA:346,0
DA:353,0
DA:356,0
DA:360,0
DA:366,0
DA:367,0
DA:368,0
DA:369,0
DA:370,0
DA:371,0
DA:372,0
DA:374,0
DA:375,0
DA:376,0
DA:377,0
DA:379,0
DA:383,1
DA:396,1
DA:397,0
DA:398,0
DA:399,0
DA:400,0
DA:401,0
DA:402,0
DA:404,1
DA:406,0
DA:407,0
DA:408,0
DA:409,0
DA:410,0
DA:411,0
DA:412,0
DA:413,0
DA:416,0
DA:421,0
DA:428,0
DA:429,0
DA:430,0
DA:436,0
DA:439,0
DA:443,0
DA:446,0
DA:447,0
DA:448,0
DA:449,0
DA:450,0
DA:451,0
DA:452,0
DA:454,0
DA:458,0
DA:463,0
DA:464,0
DA:465,0
DA:466,0
DA:469,0
LF:185
LH:31
end_of_record
SF:lib\features\admin_map\presentation\providers\admin_map_providers.dart
DA:23,0
DA:24,0
DA:28,3
DA:29,0
DA:30,0
DA:33,0
DA:34,0
DA:38,0
DA:39,0
DA:41,12
DA:42,0
DA:44,0
DA:45,0
DA:47,0
DA:48,0
DA:52,3
DA:53,0
DA:55,0
DA:56,0
DA:58,3
DA:59,0
DA:63,3
DA:64,0
DA:66,0
DA:67,0
DA:69,3
DA:70,0
DA:72,3
DA:73,0
DA:77,3
DA:78,0
DA:80,0
DA:81,0
DA:83,3
DA:84,0
DA:86,3
DA:87,0
DA:91,3
DA:92,0
DA:94,0
DA:95,0
DA:97,3
DA:98,0
DA:100,3
DA:101,0
DA:103,0
DA:104,0
DA:106,3
DA:107,0
DA:113,9
DA:117,0
DA:118,0
DA:119,0
DA:121,0
DA:122,0
DA:123,0
DA:128,3
DA:131,0
DA:132,0
DA:133,0
DA:134,0
DA:135,0
DA:140,4
DA:141,2
DA:142,2
DA:143,1
DA:144,0
DA:145,1
DA:150,3
DA:154,0
DA:155,0
DA:156,0
LF:72
LH:22
end_of_record
SF:lib\features\auth\presentation\providers\auth_controller.dart
DA:10,12
DA:17,1
DA:19,4
DA:23,0
DA:28,0
DA:29,0
DA:30,0
DA:31,0
DA:33,0
DA:35,0
DA:36,0
DA:37,0
DA:38,0
DA:39,0
DA:41,0
DA:43,0
DA:44,0
DA:45,0
DA:47,0
DA:53,0
DA:58,0
DA:59,0
DA:60,0
DA:62,0
DA:64,0
DA:65,0
DA:66,0
DA:67,0
DA:69,0
DA:71,0
DA:72,0
DA:73,0
DA:77,0
DA:78,0
DA:79,0
DA:80,0
DA:81,0
DA:90,0
DA:91,0
DA:94,0
DA:95,0
DA:97,0
DA:98,0
DA:99,0
LF:44
LH:3
end_of_record
SF:lib\features\admin_map\presentation\widgets\admin_drawer.dart
DA:10,3
DA:18,1
DA:20,1
DA:25,1
DA:26,1
DA:28,1
DA:40,1
DA:43,1
DA:44,1
DA:46,1
DA:47,1
DA:49,1
DA:82,1
DA:83,1
DA:85,1
DA:86,1
DA:89,0
DA:90,0
DA:91,0
DA:94,1
DA:97,0
DA:98,0
DA:99,0
DA:101,0
DA:103,0
DA:106,2
DA:121,1
DA:122,1
DA:134,1
DA:135,1
DA:137,2
DA:138,1
DA:139,1
DA:144,1
DA:149,1
DA:151,1
DA:159,1
DA:161,1
DA:172,0
DA:173,0
DA:182,1
DA:186,1
DA:190,0
DA:191,0
DA:193,0
DA:203,0
DA:204,0
DA:205,0
DA:211,0
DA:212,0
DA:213,0
DA:215,0
DA:216,0
DA:235,1
DA:244,1
DA:246,1
DA:247,1
DA:249,1
DA:258,1
LF:59
LH:38
end_of_record
SF:lib\features\navigation\presentation\providers\navigation_provider.dart
DA:24,1
DA:37,0
DA:49,0
DA:50,0
DA:51,0
DA:52,0
DA:53,0
DA:54,0
DA:56,0
DA:57,0
DA:58,0
DA:59,0
DA:60,0
DA:65,0
DA:66,0
DA:67,0
DA:69,0
DA:71,0
DA:80,0
DA:82,0
DA:85,0
DA:86,0
DA:87,0
DA:88,0
DA:91,0
DA:95,0
DA:96,0
DA:97,0
DA:98,0
DA:99,0
DA:101,0
DA:102,0
DA:105,0
DA:106,0
DA:109,0
DA:113,0
DA:114,0
DA:115,0
DA:117,0
DA:118,0
DA:120,0
DA:121,0
DA:122,0
DA:123,0
DA:125,0
DA:128,0
DA:131,0
DA:132,0
DA:138,0
DA:139,0
DA:140,0
DA:141,0
DA:142,0
DA:146,0
DA:147,0
DA:148,0
DA:149,0
DA:151,0
DA:152,0
DA:156,0
DA:159,0
DA:160,0
DA:161,0
DA:162,0
DA:163,0
DA:170,0
DA:171,0
DA:172,0
DA:175,0
DA:176,0
DA:177,0
DA:178,0
DA:179,0
DA:181,0
DA:183,0
DA:184,0
DA:185,0
DA:194,0
DA:195,0
DA:196,0
DA:198,0
DA:199,0
DA:201,0
DA:202,0
DA:206,0
DA:207,0
DA:208,0
DA:209,0
DA:213,0
DA:214,0
DA:217,0
DA:218,0
DA:219,0
DA:221,0
DA:222,0
DA:223,0
DA:224,0
DA:225,0
DA:226,0
DA:227,0
DA:228,0
DA:229,0
DA:230,0
DA:231,0
DA:232,0
DA:237,0
DA:238,0
DA:239,0
DA:240,0
DA:241,0
DA:242,0
DA:243,0
DA:244,0
DA:245,0
DA:250,0
DA:251,0
DA:252,0
DA:254,0
DA:257,0
DA:258,0
DA:261,0
DA:264,0
DA:265,0
DA:266,0
DA:268,0
DA:269,0
DA:272,0
DA:273,0
DA:274,0
DA:275,0
DA:280,0
DA:281,0
DA:282,0
DA:286,0
DA:287,0
DA:288,0
DA:289,0
DA:290,0
DA:291,0
DA:294,0
DA:295,0
DA:296,0
DA:297,0
DA:299,0
DA:300,0
DA:303,0
DA:307,0
DA:308,0
DA:309,0
DA:310,0
DA:312,0
DA:313,0
DA:316,0
DA:320,0
DA:321,0
DA:322,0
DA:323,0
DA:328,0
DA:329,0
DA:331,0
DA:332,0
DA:333,0
DA:334,0
DA:337,0
DA:338,0
DA:339,0
DA:340,0
DA:342,0
DA:343,0
DA:347,0
DA:349,0
DA:350,0
DA:351,0
DA:353,0
DA:354,0
DA:359,0
DA:369,0
DA:372,0
DA:374,0
DA:375,0
DA:376,0
DA:378,0
DA:379,0
DA:380,0
DA:392,2
DA:393,1
LF:186
LH:3
end_of_record
SF:lib\features\admin_map\presentation\providers\user_management_controller.dart
DA:5,4
DA:8,2
DA:9,1
DA:10,2
DA:14,1
DA:19,1
DA:20,1
DA:21,3
DA:22,2
DA:23,1
DA:25,1
DA:26,0
DA:27,0
DA:28,4
DA:33,2
DA:34,1
LF:16
LH:14
end_of_record
SF:lib\features\ar_navigation\presentation\widgets\ar_direction_painter.dart
DA:24,0
DA:30,0
DA:32,0
DA:34,0
DA:51,0
DA:55,0
DA:58,0
DA:61,0
DA:62,0
DA:65,0
DA:66,0
DA:70,0
DA:71,0
DA:74,0
DA:77,0
DA:82,0
DA:83,0
DA:86,0
DA:87,0
DA:93,0
DA:99,0
DA:100,0
DA:101,0
DA:102,0
DA:104,0
DA:106,0
DA:109,0
DA:110,0
DA:113,0
DA:114,0
DA:115,0
DA:116,0
DA:117,0
DA:118,0
DA:119,0
DA:120,0
DA:121,0
DA:124,0
DA:125,0
DA:126,0
DA:127,0
DA:128,0
DA:129,0
DA:132,0
DA:134,0
DA:135,0
DA:136,0
DA:137,0
DA:138,0
DA:139,0
DA:140,0
DA:143,0
DA:144,0
DA:147,0
DA:148,0
DA:149,0
DA:150,0
DA:151,0
DA:152,0
DA:153,0
DA:156,0
DA:157,0
DA:160,0
DA:161,0
DA:162,0
DA:163,0
DA:164,0
DA:165,0
DA:166,0
DA:169,0
DA:170,0
DA:171,0
DA:172,0
DA:173,0
DA:174,0
DA:175,0
DA:176,0
DA:180,0
DA:184,0
DA:185,0
DA:187,0
DA:189,0
DA:191,0
DA:193,0
DA:195,0
DA:197,0
DA:199,0
DA:200,0
DA:204,0
DA:207,0
DA:208,0
DA:209,0
LF:92
LH:0
end_of_record
SF:lib\features\ar_navigation\presentation\widgets\ar_compass_overlay.dart
DA:18,0
DA:24,0
DA:25,0
DA:32,0
DA:34,0
DA:35,0
DA:36,0
DA:37,0
DA:40,0
DA:42,0
DA:43,0
DA:46,0
DA:47,0
DA:48,0
DA:50,0
DA:51,0
DA:54,0
DA:56,0
DA:58,0
DA:61,0
DA:62,0
DA:65,0
DA:66,0
DA:67,0
DA:69,0
DA:83,0
DA:85,0
DA:87,0
DA:88,0
DA:91,0
DA:92,0
DA:93,0
DA:94,0
DA:97,0
DA:98,0
DA:99,0
DA:100,0
DA:101,0
DA:103,0
DA:104,0
DA:105,0
DA:108,0
DA:109,0
DA:110,0
DA:111,0
DA:113,0
DA:114,0
DA:115,0
DA:116,0
DA:117,0
DA:119,0
DA:120,0
DA:121,0
DA:122,0
DA:124,0
DA:127,0
DA:128,0
DA:129,0
DA:130,0
DA:131,0
DA:133,0
DA:139,0
DA:141,0
DA:142,0
DA:143,0
DA:145,0
DA:150,0
DA:151,0
DA:152,0
DA:153,0
DA:154,0
DA:156,0
DA:157,0
DA:158,0
DA:160,0
DA:163,0
DA:166,0
DA:168,0
DA:171,0
DA:173,0
DA:174,0
LF:81
LH:0
end_of_record
SF:lib\features\ar_navigation\presentation\widgets\ar_instruction_banner.dart
DA:21,2
DA:23,0
DA:25,0
DA:27,0
DA:32,0
DA:35,0
DA:37,0
DA:39,0
DA:41,0
DA:43,0
DA:45,0
DA:46,0
DA:47,0
DA:48,0
DA:49,0
DA:50,0
DA:51,0
DA:52,0
DA:53,0
DA:54,0
DA:59,0
DA:61,0
DA:63,0
DA:67,0
DA:68,0
DA:69,0
DA:71,0
DA:72,0
DA:74,0
DA:75,0
DA:76,0
DA:86,0
DA:88,0
DA:89,0
DA:90,0
DA:92,0
DA:96,0
DA:97,0
DA:98,0
DA:99,0
DA:104,0
DA:106,0
DA:107,0
DA:108,0
DA:109,0
DA:110,0
DA:131,0
DA:136,0
DA:138,0
DA:139,0
DA:141,0
DA:142,0
DA:143,0
DA:144,0
DA:145,0
DA:149,0
DA:151,0
DA:152,0
DA:153,0
DA:155,0
DA:159,0
DA:160,0
DA:161,0
DA:162,0
DA:173,0
DA:174,0
DA:175,0
DA:178,0
DA:179,0
DA:180,0
DA:183,0
DA:186,0
DA:187,0
DA:188,0
DA:202,0
DA:203,0
DA:205,0
DA:207,0
DA:208,0
DA:209,0
DA:211,0
DA:212,0
DA:213,0
DA:214,0
DA:215,0
DA:223,0
DA:224,0
DA:225,0
DA:229,0
DA:230,0
DA:238,0
DA:244,0
DA:249,0
DA:254,0
DA:261,0
DA:262,0
DA:263,0
DA:264,0
DA:267,0
DA:269,0
DA:270,0
DA:272,0
DA:274,0
DA:285,0
DA:288,0
DA:289,0
DA:292,0
DA:293,0
DA:296,0
DA:299,0
DA:300,0
DA:301,0
DA:304,0
DA:305,0
DA:306,0
DA:309,0
DA:312,0
DA:315,0
DA:318,0
DA:321,0
DA:328,0
DA:331,0
DA:332,0
DA:333,0
DA:334,0
DA:336,0
DA:340,0
DA:345,0
DA:347,0
DA:350,0
DA:353,0
DA:354,0
DA:355,0
DA:357,0
DA:361,0
DA:363,0
LF:136
LH:1
end_of_record
SF:lib\features\ar_navigation\presentation\providers\ar_navigation_provider.dart
DA:19,2
DA:27,0
DA:30,0
DA:31,0
DA:32,0
DA:33,0
DA:34,0
DA:35,0
DA:36,0
DA:38,0
DA:39,0
DA:40,0
DA:41,0
DA:42,0
DA:43,0
DA:44,0
DA:57,0
DA:59,0
DA:60,0
DA:61,0
DA:62,0
DA:63,0
DA:64,0
DA:65,0
DA:66,0
DA:67,0
DA:68,0
DA:69,0
DA:71,0
DA:72,0
DA:73,0
DA:75,0
DA:76,0
DA:77,0
DA:79,0
DA:93,0
DA:95,0
DA:96,0
DA:97,0
DA:98,0
DA:99,0
DA:100,0
DA:101,0
DA:102,0
DA:103,0
DA:104,0
DA:106,0
DA:107,0
DA:109,0
DA:110,0
DA:111,0
DA:113,0
DA:124,0
DA:125,0
DA:129,0
DA:131,0
DA:133,0
DA:135,0
DA:136,0
DA:142,0
DA:143,0
DA:145,0
DA:147,0
DA:148,0
DA:149,0
DA:155,0
DA:159,0
LF:67
LH:1
end_of_record
SF:lib\features\ar_navigation\services\device_orientation_service.dart
DA:13,0
DA:50,0
DA:53,0
DA:56,0
DA:58,0
DA:61,0
DA:62,0
DA:63,0
DA:66,0
DA:67,0
DA:69,0
DA:71,0
DA:78,0
DA:79,0
DA:81,0
DA:82,0
DA:83,0
DA:84,0
DA:86,0
DA:89,0
DA:91,0
DA:92,0
DA:96,0
DA:101,0
DA:102,0
DA:104,0
DA:105,0
DA:113,0
DA:114,0
DA:116,0
DA:117,0
DA:118,0
DA:120,0
DA:121,0
DA:127,0
DA:129,0
DA:137,0
DA:139,0
DA:142,0
DA:143,0
DA:147,0
DA:149,0
DA:151,0
DA:153,0
DA:154,0
DA:155,0
DA:157,0
DA:158,0
DA:159,0
DA:162,0
DA:163,0
DA:164,0
DA:165,0
DA:175,0
DA:176,0
DA:178,0
DA:180,0
DA:182,0
DA:183,0
DA:185,0
DA:195,0
DA:196,0
DA:198,0
DA:199,0
DA:201,0
DA:202,0
DA:203,0
DA:207,0
DA:208,0
DA:209,0
DA:210,0
DA:211,0
DA:217,0
DA:218,0
DA:219,0
DA:220,0
DA:221,0
DA:228,0
DA:229,0
DA:230,0
LF:80
LH:0
end_of_record
SF:lib\features\auth\data\datasources\auth_remote_data_source.dart
DA:36,1
DA:41,0
DA:46,0
DA:51,0
DA:56,0
DA:57,0
DA:58,0
DA:59,0
DA:61,0
DA:62,0
DA:66,0
DA:67,0
DA:74,0
DA:80,0
DA:85,0
DA:89,0
DA:90,0
DA:96,0
DA:97,0
DA:98,0
DA:99,0
DA:104,0
DA:106,0
DA:109,1
DA:111,2
DA:114,5
DA:116,1
DA:117,1
DA:120,0
DA:121,0
DA:122,0
DA:127,0
DA:129,0
DA:130,0
DA:133,0
DA:138,0
DA:141,0
DA:146,0
LF:38
LH:6
end_of_record
SF:lib\features\auth\data\models\user_model.dart
DA:5,2
DA:12,2
DA:13,2
DA:14,2
DA:15,2
DA:16,2
DA:17,4
DA:18,2
DA:23,1
DA:24,1
DA:25,1
DA:26,1
DA:27,2
DA:28,1
DA:32,1
DA:33,1
DA:34,1
DA:35,1
DA:36,2
DA:37,1
DA:41,2
DA:42,2
LF:22
LH:22
end_of_record
SF:lib\features\auth\data\repositories\auth_repository_impl.dart
DA:11,1
DA:13,1
DA:19,2
DA:23,1
DA:24,0
DA:25,0
DA:27,0
DA:31,0
DA:38,0
DA:43,0
DA:44,0
DA:45,0
DA:47,0
DA:51,1
DA:54,2
DA:57,3
DA:61,0
DA:64,0
DA:65,0
DA:67,0
DA:71,0
DA:74,0
DA:75,0
DA:77,0
DA:81,0
DA:87,0
DA:90,0
DA:94,0
DA:100,0
DA:106,0
LF:30
LH:7
end_of_record
SF:lib\features\auth\presentation\providers\signup_provider.dart
DA:9,8
DA:12,4
DA:13,4
DA:14,4
DA:17,0
DA:18,0
LF:6
LH:4
end_of_record
SF:lib\features\navigation\presentation\pages\support_screen.dart
DA:9,2
DA:11,0
DA:13,0
DA:15,0
DA:28,0
DA:30,0
DA:33,0
DA:35,0
DA:47,0
DA:52,0
DA:56,0
DA:61,0
DA:65,0
DA:70,0
DA:74,0
DA:75,0
DA:77,0
DA:78,0
DA:88,0
DA:95,0
DA:97,0
DA:98,0
DA:100,0
DA:101,0
DA:102,0
DA:103,0
DA:105,0
DA:106,0
DA:107,0
DA:109,0
DA:110,0
DA:113,0
DA:116,0
DA:117,0
DA:119,0
DA:120,0
DA:129,0
DA:131,0
DA:132,0
DA:139,0
DA:141,0
DA:150,0
DA:151,0
DA:152,0
DA:154,0
DA:156,0
DA:157,0
DA:158,0
DA:168,0
DA:170,0
DA:176,0
DA:180,0
DA:182,0
DA:185,0
DA:186,0
DA:193,0
DA:194,0
DA:195,0
DA:201,0
DA:202,0
DA:206,0
DA:207,0
DA:208,0
DA:227,0
DA:228,0
DA:230,0
DA:232,0
DA:233,0
DA:234,0
DA:244,0
DA:247,0
DA:248,0
DA:250,0
DA:252,0
DA:258,0
DA:265,0
DA:266,0
DA:267,0
DA:275,0
DA:276,0
DA:277,0
DA:278,0
DA:280,0
DA:282,0
DA:283,0
DA:285,0
DA:286,0
DA:290,0
DA:304,0
DA:305,0
DA:307,0
DA:309,0
DA:310,0
DA:311,0
DA:322,0
DA:325,0
DA:327,0
DA:328,0
DA:332,0
DA:336,0
DA:340,0
DA:344,0
DA:351,0
DA:352,0
DA:353,0
DA:361,0
DA:362,0
DA:363,0
DA:368,0
DA:369,0
DA:378,0
DA:380,0
DA:381,0
DA:383,0
DA:384,0
LF:115
LH:1
end_of_record
SF:lib\features\navigation\presentation\providers\user_location_provider.dart
DA:11,0
DA:18,0
DA:24,0
DA:34,0
DA:36,0
DA:39,0
DA:40,0
DA:43,0
DA:44,0
DA:51,0
DA:52,0
DA:55,0
DA:56,0
DA:60,0
DA:61,0
LF:15
LH:0
end_of_record
SF:lib\features\navigation\presentation\widgets\path_arrow_painter.dart
DA:10,1
DA:16,0
DA:18,0
DA:20,0
DA:21,0
DA:22,0
DA:23,0
DA:25,0
DA:26,0
DA:27,0
DA:28,0
DA:31,0
DA:33,0
DA:34,0
DA:35,0
DA:37,0
DA:38,0
DA:52,0
DA:53,0
DA:56,0
DA:59,0
DA:63,0
DA:64,0
DA:65,0
DA:66,0
DA:68,0
DA:70,0
DA:71,0
DA:72,0
DA:73,0
DA:75,0
DA:76,0
DA:77,0
DA:79,0
DA:80,0
DA:81,0
DA:82,0
DA:83,0
DA:85,0
DA:86,0
DA:89,1
DA:91,6
LF:42
LH:3
end_of_record
SF:lib\features\navigation\presentation\widgets\trip_planner_widget.dart
DA:21,0
DA:23,0
DA:24,0
DA:40,0
DA:42,0
DA:43,0
DA:44,0
DA:45,0
DA:46,0
DA:51,0
DA:52,0
DA:53,0
DA:54,0
DA:55,0
DA:56,0
DA:57,0
DA:60,0
DA:62,0
DA:63,0
DA:67,0
DA:68,0
DA:71,0
DA:72,0
DA:73,0
DA:74,0
DA:79,0
DA:81,0
DA:82,0
DA:85,0
DA:86,0
DA:87,0
DA:91,0
DA:94,0
DA:95,0
DA:96,0
DA:104,0
DA:105,0
DA:107,0
DA:108,0
DA:109,0
DA:110,0
DA:118,0
DA:119,0
DA:120,0
DA:125,0
DA:126,0
DA:127,0
DA:128,0
DA:130,0
DA:135,0
DA:136,0
DA:140,0
DA:141,0
DA:144,0
DA:145,0
DA:150,0
DA:151,0
DA:152,0
DA:158,0
DA:161,0
DA:162,0
DA:167,0
DA:175,0
DA:176,0
DA:177,0
DA:180,0
DA:181,0
DA:182,0
DA:195,0
DA:197,0
DA:198,0
DA:200,0
DA:201,0
DA:204,0
DA:208,0
DA:209,0
DA:210,0
DA:211,0
DA:213,0
DA:215,0
DA:216,0
DA:218,0
DA:219,0
DA:223,0
DA:237,0
DA:238,0
DA:239,0
DA:240,0
DA:241,0
DA:247,0
DA:248,0
DA:249,0
DA:250,0
DA:251,0
DA:253,0
DA:254,0
DA:255,0
DA:257,0
DA:258,0
DA:259,0
DA:263,0
DA:264,0
DA:265,0
DA:266,0
DA:270,0
DA:276,0
DA:278,0
DA:283,0
DA:286,0
DA:287,0
DA:291,0
DA:292,0
DA:303,0
DA:305,0
DA:313,0
DA:314,0
DA:322,0
DA:323,0
DA:332,0
DA:339,0
DA:342,0
DA:343,0
DA:350,0
DA:351,0
DA:352,0
DA:356,0
DA:358,0
DA:359,0
DA:363,0
DA:365,0
DA:366,0
DA:370,0
DA:371,0
DA:373,0
DA:375,0
DA:376,0
DA:378,0
DA:379,0
DA:380,0
DA:382,0
DA:383,0
DA:384,0
DA:391,0
DA:393,0
DA:394,0
DA:397,0
DA:398,0
DA:400,0
DA:401,0
DA:403,0
DA:404,0
DA:405,0
DA:408,0
DA:409,0
DA:410,0
DA:412,0
DA:413,0
DA:424,0
DA:426,0
DA:428,0
DA:431,0
DA:433,0
DA:434,0
DA:435,0
DA:436,0
DA:437,0
DA:438,0
DA:439,0
DA:440,0
DA:444,0
DA:445,0
DA:451,0
DA:453,0
DA:455,0
DA:457,0
DA:458,0
DA:459,0
DA:462,0
DA:463,0
DA:483,0
DA:484,0
DA:490,0
DA:492,0
DA:493,0
DA:497,0
DA:498,0
DA:507,0
DA:509,0
DA:511,0
DA:513,0
DA:514,0
DA:526,0
DA:527,0
DA:533,0
DA:534,0
DA:535,0
DA:536,0
DA:543,0
DA:544,0
DA:546,0
DA:547,0
DA:554,0
DA:556,0
DA:557,0
DA:561,0
DA:562,0
DA:568,0
DA:574,0
DA:575,0
DA:581,0
DA:582,0
DA:583,0
DA:584,0
DA:591,0
DA:592,0
DA:594,0
DA:595,0
DA:602,0
DA:604,0
DA:605,0
DA:607,0
DA:610,0
DA:614,0
DA:615,0
DA:616,0
DA:617,0
DA:618,0
DA:619,0
DA:620,0
DA:622,0
DA:623,0
DA:624,0
DA:626,0
DA:627,0
DA:628,0
DA:629,0
DA:631,0
DA:635,0
DA:636,0
DA:642,0
DA:648,0
DA:652,0
DA:653,0
DA:654,0
DA:655,0
DA:656,0
DA:657,0
DA:658,0
DA:660,0
DA:661,0
DA:662,0
DA:664,0
DA:665,0
DA:666,0
DA:668,0
DA:679,0
DA:681,0
DA:682,0
DA:683,0
DA:684,0
DA:686,0
DA:691,0
DA:693,0
DA:694,0
DA:698,0
DA:700,0
DA:704,0
DA:706,0
DA:707,0
DA:708,0
DA:709,0
DA:716,0
DA:717,0
DA:723,0
DA:726,0
DA:727,0
DA:732,0
DA:733,0
DA:735,0
DA:737,0
DA:754,0
DA:768,0
DA:771,0
DA:773,0
DA:775,0
DA:776,0
DA:777,0
DA:778,0
DA:781,0
DA:782,0
DA:783,0
DA:784,0
DA:786,0
DA:787,0
DA:788,0
DA:799,0
DA:800,0
DA:808,0
DA:809,0
DA:811,0
DA:814,0
DA:820,0
DA:824,0
DA:832,0
DA:833,0
DA:835,0
DA:836,0
DA:838,0
DA:839,0
DA:840,0
DA:841,0
DA:843,0
DA:844,0
DA:847,0
DA:849,0
DA:850,0
DA:858,0
DA:859,0
DA:860,0
DA:872,0
DA:873,0
DA:875,0
DA:876,0
DA:881,0
DA:884,0
DA:885,0
DA:894,0
DA:896,0
DA:899,0
DA:901,0
DA:908,0
DA:909,0
DA:910,0
DA:922,0
DA:923,0
DA:924,0
DA:925,0
DA:929,0
DA:930,0
DA:932,0
DA:933,0
DA:936,0
DA:943,0
LF:343
LH:0
end_of_record
SF:lib\features\navigation\presentation\widgets\room_icon_helper.dart
DA:8,0
DA:10,0
DA:12,0
DA:14,0
DA:16,0
DA:18,0
DA:20,0
DA:22,0
DA:24,0
DA:26,0
DA:28,0
DA:30,0
DA:32,0
DA:38,0
DA:40,0
DA:42,0
DA:44,0
DA:46,0
DA:48,0
DA:50,0
DA:52,0
DA:54,0
DA:56,0
DA:58,0
DA:60,0
DA:62,0
LF:26
LH:0
end_of_record
SF:lib\features\navigation\presentation\widgets\user_edge_painter.dart
DA:10,0
DA:16,0
DA:18,0
DA:21,0
DA:23,0
DA:24,0
DA:25,0
DA:26,0
DA:27,0
DA:29,0
DA:30,0
DA:32,0
DA:33,0
DA:34,0
DA:36,0
DA:37,0
DA:38,0
DA:43,0
DA:45,0
DA:46,0
DA:47,0
DA:48,0
DA:49,0
DA:59,0
DA:61,0
DA:63,0
DA:65,0
DA:70,0
DA:73,0
DA:80,0
DA:84,0
DA:87,0
DA:89,0
DA:90,0
DA:91,0
LF:35
LH:0
end_of_record
SF:lib\features\navigation\presentation\widgets\navigation_instructions_sheet.dart
DA:11,2
DA:13,0
DA:15,0
DA:16,0
DA:19,0
DA:21,0
DA:24,0
DA:25,0
DA:28,0
DA:29,0
DA:30,0
DA:36,0
DA:39,0
DA:40,0
DA:42,0
DA:53,0
DA:54,0
DA:55,0
DA:64,0
DA:66,0
DA:76,0
DA:82,0
DA:86,0
DA:88,0
DA:89,0
DA:92,0
DA:95,0
DA:98,0
DA:101,0
DA:104,0
DA:107,0
DA:110,0
DA:113,0
DA:116,0
DA:119,0
DA:122,0
DA:125,0
DA:128,0
DA:135,0
DA:137,0
DA:138,0
DA:140,0
DA:142,0
DA:146,0
DA:147,0
DA:148,0
DA:150,0
DA:153,0
DA:154,0
DA:156,0
DA:158,0
DA:161,0
DA:162,0
DA:163,0
DA:166,0
DA:167,0
DA:168,0
DA:188,0
DA:189,0
DA:190,0
DA:191,0
DA:199,0
DA:204,0
DA:205,0
DA:206,0
DA:208,0
DA:209,0
DA:210,0
DA:211,0
DA:221,0
DA:222,0
DA:238,0
DA:239,0
DA:241,0
DA:243,0
DA:244,0
DA:246,0
DA:247,0
DA:248,0
DA:249,0
DA:250,0
DA:255,0
DA:256,0
DA:257,0
DA:258,0
DA:266,0
DA:267,0
DA:268,0
DA:269,0
DA:273,0
DA:274,0
DA:275,0
DA:276,0
DA:285,0
DA:286,0
DA:289,0
DA:291,0
DA:293,0
DA:294,0
DA:295,0
DA:296,0
DA:297,0
DA:302,0
DA:303,0
DA:304,0
DA:306,0
DA:310,0
DA:312,0
DA:313,0
DA:324,0
DA:325,0
DA:326,0
DA:327,0
DA:328,0
DA:331,0
DA:332,0
DA:339,0
DA:355,0
DA:356,0
DA:362,0
DA:363,0
DA:365,0
DA:366,0
LF:123
LH:1
end_of_record
SF:lib\features\navigation\presentation\services\recent_locations_service.dart
DA:16,0
DA:26,0
DA:27,0
DA:28,0
DA:29,0
DA:30,0
DA:31,0
DA:32,0
DA:33,0
DA:36,0
DA:37,0
DA:38,0
DA:39,0
DA:40,0
DA:41,0
DA:42,0
DA:43,0
DA:44,0
DA:50,0
DA:51,0
DA:54,0
DA:55,0
DA:56,0
DA:64,0
DA:66,0
DA:67,0
DA:68,0
DA:69,0
DA:72,0
DA:73,0
DA:75,0
DA:79,0
DA:80,0
DA:81,0
DA:84,0
DA:85,0
DA:86,0
DA:90,0
DA:92,0
DA:93,0
DA:94,0
DA:95,0
DA:96,0
DA:97,0
DA:98,0
DA:99,0
DA:104,0
DA:105,0
DA:109,0
DA:111,0
DA:115,0
DA:118,0
DA:119,0
DA:120,0
DA:121,0
LF:55
LH:0
end_of_record
SF:lib\features\navigation\presentation\pages\user_profile_screen.dart
DA:16,2
DA:18,1
DA:19,1
DA:27,1
DA:29,3
DA:31,1
DA:33,1
DA:46,1
DA:48,2
DA:51,1
DA:53,1
DA:55,1
DA:57,1
DA:58,1
DA:59,1
DA:60,1
DA:62,1
DA:63,1
DA:64,3
DA:73,1
DA:74,2
DA:98,2
DA:100,2
DA:104,1
DA:106,1
DA:116,1
DA:117,1
DA:118,0
DA:127,1
DA:129,0
DA:131,0
DA:132,0
DA:133,0
DA:134,0
DA:136,0
DA:137,0
DA:138,0
DA:139,0
DA:142,0
DA:144,0
DA:145,0
DA:156,0
DA:157,0
DA:160,0
DA:162,0
DA:163,0
DA:174,0
DA:176,0
DA:177,0
DA:178,0
DA:179,0
DA:186,0
DA:187,0
DA:191,0
DA:192,0
DA:193,0
DA:194,0
DA:201,0
DA:202,0
DA:225,1
DA:226,1
DA:228,1
DA:229,1
DA:231,2
DA:234,1
DA:237,1
DA:239,1
DA:240,1
DA:242,1
DA:252,1
DA:253,1
DA:255,1
DA:256,1
DA:258,1
DA:259,1
DA:261,1
DA:262,1
DA:266,1
DA:267,2
DA:276,1
DA:279,1
DA:281,1
DA:282,1
DA:284,1
DA:285,1
DA:296,1
DA:299,2
DA:301,1
DA:302,1
DA:303,2
DA:304,1
DA:305,2
DA:307,1
DA:313,1
DA:315,1
DA:316,1
DA:317,1
DA:323,1
DA:325,1
DA:326,1
DA:327,1
DA:328,2
DA:330,1
DA:331,1
DA:332,1
DA:335,1
DA:336,1
DA:337,2
DA:342,1
DA:344,1
DA:346,2
DA:352,1
DA:355,0
DA:356,0
DA:361,1
DA:362,1
DA:363,0
DA:377,1
DA:381,3
DA:385,3
DA:386,1
DA:387,1
DA:391,1
DA:392,0
DA:393,0
DA:394,0
DA:397,1
DA:399,1
DA:400,1
DA:401,1
DA:402,1
DA:405,5
DA:407,1
DA:413,0
LF:134
LH:96
end_of_record
SF:lib\features\navigation\presentation\widgets\location_search_dialog.dart
DA:8,2
DA:10,0
DA:12,0
DA:21,0
DA:22,0
DA:23,0
DA:26,0
DA:27,0
DA:31,0
DA:34,0
DA:37,0
DA:39,0
DA:40,0
DA:41,0
DA:42,0
DA:43,0
DA:44,0
DA:46,0
DA:47,0
DA:48,0
DA:52,0
DA:54,0
DA:56,0
DA:57,0
DA:60,0
DA:61,0
DA:62,0
DA:63,0
DA:66,0
DA:68,0
DA:74,0
DA:75,0
DA:76,0
DA:83,0
DA:84,0
DA:86,0
DA:87,0
DA:88,0
DA:93,0
DA:97,0
DA:98,0
DA:99,0
DA:100,0
DA:108,0
DA:109,0
DA:110,0
DA:115,0
DA:116,0
DA:117,0
DA:118,0
DA:119,0
DA:121,0
DA:122,0
DA:123,0
DA:124,0
DA:126,0
DA:129,0
DA:130,0
DA:132,0
DA:133,0
DA:134,0
DA:136,0
DA:139,0
DA:140,0
DA:141,0
DA:142,0
DA:143,0
DA:144,0
DA:150,0
DA:156,0
DA:157,0
DA:158,0
DA:160,0
DA:161,0
DA:162,0
DA:163,0
DA:165,0
DA:169,0
DA:177,0
DA:178,0
DA:179,0
DA:180,0
DA:181,0
DA:191,0
DA:193,0
DA:197,0
DA:199,0
DA:200,0
DA:201,0
DA:203,0
DA:204,0
DA:213,0
DA:214,0
DA:215,0
DA:219,0
DA:221,0
DA:222,0
DA:226,0
DA:227,0
DA:235,0
DA:237,0
DA:238,0
DA:250,0
DA:252,0
DA:255,0
DA:261,0
DA:262,0
DA:263,0
DA:264,0
DA:265,0
DA:266,0
DA:267,0
DA:269,0
DA:271,0
DA:272,0
DA:273,0
DA:275,0
DA:279,0
DA:280,0
DA:281,0
DA:289,0
DA:290,0
DA:291,0
DA:293,0
DA:294,0
DA:298,0
DA:299,0
DA:300,0
DA:301,0
DA:302,0
DA:308,0
DA:309,0
DA:310,0
DA:311,0
DA:312,0
DA:313,0
DA:319,0
LF:137
LH:1
end_of_record
SF:lib\core\theme\app_theme.dart
DA:4,6
DA:7,2
DA:11,2
DA:12,4
DA:17,6
DA:20,2
DA:24,2
DA:25,4
DA:30,3
DA:51,1
DA:52,1
DA:53,1
DA:59,1
DA:60,1
LF:14
LH:14
end_of_record
SF:lib\firebase_options.dart
DA:5,1
DA:16,1
DA:17,1
DA:25,1
DA:26,0
DA:27,1
DA:28,0
DA:29,1
DA:30,1
DA:31,0
DA:32,0
DA:34,0
LF:12
LH:7
end_of_record
SF:lib\main.dart
DA:9,0
DA:10,0
DA:12,0
DA:14,0
DA:15,0
DA:18,0
DA:22,0
DA:26,1
DA:28,1
DA:30,2
DA:31,2
DA:33,1
DA:35,1
DA:36,0
DA:37,1
DA:38,1
DA:39,0
DA:40,1
DA:41,1
DA:46,1
DA:47,1
DA:48,1
DA:50,3
LF:23
LH:14
end_of_record
